Line 33: Class SocketWrenchCtrl.Socket of control Socket1 was not a loaded control class.
Line 65: Class SocketWrenchCtrl.Socket of control Socket2 was not a loaded control class.
Line 36: The property name _Version in Socket1 is invalid.
Line 37: The property name _ExtentX in Socket1 is invalid.
Line 38: The property name _ExtentY in Socket1 is invalid.
Line 39: The property name _StockProps in Socket1 is invalid.
Line 40: The property name AutoResolve in Socket1 is invalid.
Line 41: The property name Backlog in Socket1 is invalid.
Line 42: The property name Binary in Socket1 is invalid.
Line 43: The property name Blocking in Socket1 is invalid.
Line 44: The property name Broadcast in Socket1 is invalid.
Line 45: The property name BufferSize in Socket1 is invalid.
Line 46: The property name HostAddress in Socket1 is invalid.
Line 47: The property name HostFile in Socket1 is invalid.
Line 48: The property name HostName in Socket1 is invalid.
Line 49: The property name InLine in Socket1 is invalid.
Line 50: The property name Interval in Socket1 is invalid.
Line 51: The property name KeepAlive in Socket1 is invalid.
Line 52: The property name Library in Socket1 is invalid.
Line 53: The property name Linger in Socket1 is invalid.
Line 54: The property name LocalPort in Socket1 is invalid.
Line 55: The property name LocalService in Socket1 is invalid.
Line 56: The property name Protocol in Socket1 is invalid.
Line 57: The property name RemotePort in Socket1 is invalid.
Line 58: The property name RemoteService in Socket1 is invalid.
Line 59: The property name ReuseAddress in Socket1 is invalid.
Line 60: The property name Route in Socket1 is invalid.
Line 61: The property name Timeout in Socket1 is invalid.
Line 62: The property name Type in Socket1 is invalid.
Line 63: The property name Urgent in Socket1 is invalid.
Line 69: The property name _Version in Socket2 is invalid.
Line 70: The property name _ExtentX in Socket2 is invalid.
Line 71: The property name _ExtentY in Socket2 is invalid.
Line 72: The property name _StockProps in Socket2 is invalid.
Line 73: The property name AutoResolve in Socket2 is invalid.
Line 74: The property name Backlog in Socket2 is invalid.
Line 75: The property name Binary in Socket2 is invalid.
Line 76: The property name Blocking in Socket2 is invalid.
Line 77: The property name Broadcast in Socket2 is invalid.
Line 78: The property name BufferSize in Socket2 is invalid.
Line 79: The property name HostAddress in Socket2 is invalid.
Line 80: The property name HostFile in Socket2 is invalid.
Line 81: The property name HostName in Socket2 is invalid.
Line 82: The property name InLine in Socket2 is invalid.
Line 83: The property name Interval in Socket2 is invalid.
Line 84: The property name KeepAlive in Socket2 is invalid.
Line 85: The property name Library in Socket2 is invalid.
Line 86: The property name Linger in Socket2 is invalid.
Line 87: The property name LocalPort in Socket2 is invalid.
Line 88: The property name LocalService in Socket2 is invalid.
Line 89: The property name Protocol in Socket2 is invalid.
Line 90: The property name RemotePort in Socket2 is invalid.
Line 91: The property name RemoteService in Socket2 is invalid.
Line 92: The property name ReuseAddress in Socket2 is invalid.
Line 93: The property name Route in Socket2 is invalid.
Line 94: The property name Timeout in Socket2 is invalid.
Line 95: The property name Type in Socket2 is invalid.
Line 96: The property name Urgent in Socket2 is invalid.
