[info]
c=install-us (c) Daniel Schellhorn
i=This file is needed to uninstall AOSpain 1.2
v=300
ius=ius300
disributor=
name=AOSpain 1.2
version=0
dir=C:\AOSpain
prggrp=AOSpain

[files]
total=0

[directories]
total=0

[extensions]
total=0

[language]
_g55=Por favor, seleccione aquellas opciones que desea eliminar:
_g56=Can&celar
_g57=Directorio
_g58=Un momento, por favor...
_g59=&Sí
_g60=Progreso
_g61=Desinstalando AOSpain 1.2
_g62=Entradas de Registro
_g63=Directorio de Programa
_g64=Estos componentes han sido eliminados de su sistema:
_g65=Ficheros
_g66=será eliminado AOSpain 1.2 de su sistema.
_g67=¿Desea realmente eliminar estos componentes de su sistema? ¡No puede abandonar este proceso!
_g68=AOSpain 1.2 será eliminado de su sistema.
_g69=Esta DLL puede ser usada por otros programas. Si elimina ésta, los demás porgramas no funcionarán correctamente. ¿Desea eliminarla?
_g70=&No

[uninst]
Opt1_locked=1
name=AOSpain
komp=0
o1=version1.2
o4=Ambos
prggrp_u=Desinstalando AOSpain 1.2

[fileset]
ofiles=1
share=0
attr=1

[dirs_1]
d1=C:\AOSpain\
d2=C:\AOSpain\Doc\
d3=C:\AOSpain\Graficos\
d4=C:\AOSpain\Init\
d5=C:\AOSpain\Mapas\
d6=C:\AOSpain\Midi\
d7=C:\AOSpain\Wav\
total=7

[dirs_4]
d1=C:\AOSpain\
total=1

[Option_1]
total=1859
f1=C:\AOSpain\aamd532.dll
f2=C:\AOSpain\AOproblemas.exe
f3=C:\AOSpain\AOSetup.exe
f4=C:\AOSpain\CSWSK32.OCX
f5=C:\AOSpain\dx7vb.dll
f6=C:\AOSpain\errores.log
f7=C:\AOSpain\Leeme.txt
f8=C:\AOSpain\MSINET.OCX
f9=C:\AOSpain\ReadMe.txt
f10=C:\AOSpain\RICHTX32.OCX
f11=C:\AOSpain\AOVersionDX.dll
f12=C:\AOSpain\BMPMan.dll
f13=C:\AOSpain\Doc\FAQs Tecnicos de Argentum On Line.htm
f14=C:\AOSpain\Doc\Reglamentacion.htm
f15=C:\AOSpain\Doc\Brief history.txt
f16=C:\AOSpain\Graficos\1.BMP
f17=C:\AOSpain\Graficos\956.bmp
f18=C:\AOSpain\Graficos\957.bmp
f19=C:\AOSpain\Graficos\958.bmp
f20=C:\AOSpain\Graficos\959.bmp
f21=C:\AOSpain\Graficos\960.bmp
f22=C:\AOSpain\Graficos\961.bmp
f23=C:\AOSpain\Graficos\962.bmp
f24=C:\AOSpain\Graficos\963.bmp
f25=C:\AOSpain\Graficos\964.bmp
f26=C:\AOSpain\Graficos\965.bmp
f27=C:\AOSpain\Graficos\966.bmp
f28=C:\AOSpain\Graficos\967.bmp
f29=C:\AOSpain\Graficos\968.bmp
f30=C:\AOSpain\Graficos\969.bmp
f31=C:\AOSpain\Graficos\970.bmp
f32=C:\AOSpain\Graficos\115.BMP
f33=C:\AOSpain\Graficos\117.BMP
f34=C:\AOSpain\Graficos\971.bmp
f35=C:\AOSpain\Graficos\972.bmp
f36=C:\AOSpain\Graficos\973.bmp
f37=C:\AOSpain\Graficos\121.BMP
f38=C:\AOSpain\Graficos\122.BMP
f39=C:\AOSpain\Graficos\123.BMP
f40=C:\AOSpain\Graficos\124.BMP
f41=C:\AOSpain\Graficos\125.BMP
f42=C:\AOSpain\Graficos\126.BMP
f43=C:\AOSpain\Graficos\127.BMP
f44=C:\AOSpain\Graficos\128.BMP
f45=C:\AOSpain\Graficos\129.BMP
f46=C:\AOSpain\Graficos\130.BMP
f47=C:\AOSpain\Graficos\131.BMP
f48=C:\AOSpain\Graficos\132.BMP
f49=C:\AOSpain\Graficos\133.BMP
f50=C:\AOSpain\Graficos\134.BMP
f51=C:\AOSpain\Graficos\135.BMP
f52=C:\AOSpain\Graficos\136.BMP
f53=C:\AOSpain\Graficos\974.bmp
f54=C:\AOSpain\Graficos\975.bmp
f55=C:\AOSpain\Graficos\139.bmp
f56=C:\AOSpain\Graficos\140.bmp
f57=C:\AOSpain\Graficos\141.bmp
f58=C:\AOSpain\Graficos\142.bmp
f59=C:\AOSpain\Graficos\143.bmp
f60=C:\AOSpain\Graficos\144.bmp
f61=C:\AOSpain\Graficos\145.bmp
f62=C:\AOSpain\Graficos\146.bmp
f63=C:\AOSpain\Graficos\147.bmp
f64=C:\AOSpain\Graficos\148.bmp
f65=C:\AOSpain\Graficos\149.bmp
f66=C:\AOSpain\Graficos\150.bmp
f67=C:\AOSpain\Graficos\1500.BMP
f68=C:\AOSpain\Graficos\1501.BMP
f69=C:\AOSpain\Graficos\1502.BMP
f70=C:\AOSpain\Graficos\1503.BMP
f71=C:\AOSpain\Graficos\1504.BMP
f72=C:\AOSpain\Graficos\151.bmp
f73=C:\AOSpain\Graficos\152.bmp
f74=C:\AOSpain\Graficos\153.bmp
f75=C:\AOSpain\Graficos\1530.BMP
f76=C:\AOSpain\Graficos\1531.BMP
f77=C:\AOSpain\Graficos\1532.BMP
f78=C:\AOSpain\Graficos\1533.BMP
f79=C:\AOSpain\Graficos\1534.bmp
f80=C:\AOSpain\Graficos\154.bmp
f81=C:\AOSpain\Graficos\155.bmp
f82=C:\AOSpain\Graficos\156.bmp
f83=C:\AOSpain\Graficos\157.bmp
f84=C:\AOSpain\Graficos\158.bmp
f85=C:\AOSpain\Graficos\159.bmp
f86=C:\AOSpain\Graficos\160.bmp
f87=C:\AOSpain\Graficos\161.bmp
f88=C:\AOSpain\Graficos\162.bmp
f89=C:\AOSpain\Graficos\163.bmp
f90=C:\AOSpain\Graficos\164.bmp
f91=C:\AOSpain\Graficos\165.bmp
f92=C:\AOSpain\Graficos\166.bmp
f93=C:\AOSpain\Graficos\167.bmp
f94=C:\AOSpain\Graficos\168.bmp
f95=C:\AOSpain\Graficos\169.bmp
f96=C:\AOSpain\Graficos\170.bmp
f97=C:\AOSpain\Graficos\171.bmp
f98=C:\AOSpain\Graficos\172.bmp
f99=C:\AOSpain\Graficos\173.bmp
f100=C:\AOSpain\Graficos\174.bmp
f101=C:\AOSpain\Graficos\175.bmp
f102=C:\AOSpain\Graficos\176.bmp
f103=C:\AOSpain\Graficos\177.bmp
f104=C:\AOSpain\Graficos\178.bmp
f105=C:\AOSpain\Graficos\179.bmp
f106=C:\AOSpain\Graficos\180.bmp
f107=C:\AOSpain\Graficos\181.bmp
f108=C:\AOSpain\Graficos\182.bmp
f109=C:\AOSpain\Graficos\183.bmp
f110=C:\AOSpain\Graficos\184.bmp
f111=C:\AOSpain\Graficos\185.bmp
f112=C:\AOSpain\Graficos\186.bmp
f113=C:\AOSpain\Graficos\187.bmp
f114=C:\AOSpain\Graficos\188.bmp
f115=C:\AOSpain\Graficos\189.bmp
f116=C:\AOSpain\Graficos\190.bmp
f117=C:\AOSpain\Graficos\191.bmp
f118=C:\AOSpain\Graficos\192.bmp
f119=C:\AOSpain\Graficos\193.bmp
f120=C:\AOSpain\Graficos\194.bmp
f121=C:\AOSpain\Graficos\195.bmp
f122=C:\AOSpain\Graficos\196.bmp
f123=C:\AOSpain\Graficos\197.bmp
f124=C:\AOSpain\Graficos\198.bmp
f125=C:\AOSpain\Graficos\199.bmp
f126=C:\AOSpain\Graficos\2.BMP
f127=C:\AOSpain\Graficos\20.BMP
f128=C:\AOSpain\Graficos\976.bmp
f129=C:\AOSpain\Graficos\977.bmp
f130=C:\AOSpain\Graficos\978.bmp
f131=C:\AOSpain\Graficos\979.bmp
f132=C:\AOSpain\Graficos\980.bmp
f133=C:\AOSpain\Graficos\981.bmp
f134=C:\AOSpain\Graficos\982.bmp
f135=C:\AOSpain\Graficos\983.bmp
f136=C:\AOSpain\Graficos\984.bmp
f137=C:\AOSpain\Graficos\985.bmp
f138=C:\AOSpain\Graficos\986.BMP
f139=C:\AOSpain\Graficos\987.bmp
f140=C:\AOSpain\Graficos\988.BMP
f141=C:\AOSpain\Graficos\989.bmp
f142=C:\AOSpain\Graficos\990.bmp
f143=C:\AOSpain\Graficos\991.bmp
f144=C:\AOSpain\Graficos\215.BMP
f145=C:\AOSpain\Graficos\992.bmp
f146=C:\AOSpain\Graficos\993.bmp
f147=C:\AOSpain\Graficos\994.bmp
f148=C:\AOSpain\Graficos\995.bmp
f149=C:\AOSpain\Graficos\22.BMP
f150=C:\AOSpain\Graficos\996.bmp
f151=C:\AOSpain\Graficos\997.BMP
f152=C:\AOSpain\Graficos\998.bmp
f153=C:\AOSpain\Graficos\999.bmp
f154=C:\AOSpain\Graficos\1000.bmp
f155=C:\AOSpain\Graficos\225.BMP
f156=C:\AOSpain\Graficos\1001.bmp
f157=C:\AOSpain\Graficos\1002.bmp
f158=C:\AOSpain\Graficos\1003.bmp
f159=C:\AOSpain\Graficos\1004.bmp
f160=C:\AOSpain\Graficos\1005.bmp
f161=C:\AOSpain\Graficos\1006.bmp
f162=C:\AOSpain\Graficos\1007.bmp
f163=C:\AOSpain\Graficos\1008.bmp
f164=C:\AOSpain\Graficos\233.BMP
f165=C:\AOSpain\Graficos\1009.bmp
f166=C:\AOSpain\Graficos\1010.bmp
f167=C:\AOSpain\Graficos\303.BMP
f168=C:\AOSpain\Graficos\304.BMP
f169=C:\AOSpain\Graficos\305.BMP
f170=C:\AOSpain\Graficos\306.BMP
f171=C:\AOSpain\Graficos\307.BMP
f172=C:\AOSpain\Graficos\308.BMP
f173=C:\AOSpain\Graficos\309.BMP
f174=C:\AOSpain\Graficos\310.BMP
f175=C:\AOSpain\Graficos\311.BMP
f176=C:\AOSpain\Graficos\312.BMP
f177=C:\AOSpain\Graficos\313.BMP
f178=C:\AOSpain\Graficos\314.BMP
f179=C:\AOSpain\Graficos\315.BMP
f180=C:\AOSpain\Graficos\316.BMP
f181=C:\AOSpain\Graficos\317.BMP
f182=C:\AOSpain\Graficos\318.BMP
f183=C:\AOSpain\Graficos\319.BMP
f184=C:\AOSpain\Graficos\320.BMP
f185=C:\AOSpain\Graficos\321.BMP
f186=C:\AOSpain\Graficos\322.BMP
f187=C:\AOSpain\Graficos\323.BMP
f188=C:\AOSpain\Graficos\324.BMP
f189=C:\AOSpain\Graficos\326.bmp
f190=C:\AOSpain\Graficos\327.BMP
f191=C:\AOSpain\Graficos\328.BMP
f192=C:\AOSpain\Graficos\329.BMP
f193=C:\AOSpain\Graficos\330.BMP
f194=C:\AOSpain\Graficos\331.BMP
f195=C:\AOSpain\Graficos\332.BMP
f196=C:\AOSpain\Graficos\333.BMP
f197=C:\AOSpain\Graficos\334.BMP
f198=C:\AOSpain\Graficos\335.BMP
f199=C:\AOSpain\Graficos\336.BMP
f200=C:\AOSpain\Graficos\338.BMP
f201=C:\AOSpain\Graficos\339.BMP
f202=C:\AOSpain\Graficos\340.BMP
f203=C:\AOSpain\Graficos\341.BMP
f204=C:\AOSpain\Graficos\342.BMP
f205=C:\AOSpain\Graficos\343.bmp
f206=C:\AOSpain\Graficos\344.BMP
f207=C:\AOSpain\Graficos\345.BMP
f208=C:\AOSpain\Graficos\346.BMP
f209=C:\AOSpain\Graficos\347.BMP
f210=C:\AOSpain\Graficos\348.BMP
f211=C:\AOSpain\Graficos\349.BMP
f212=C:\AOSpain\Graficos\350.BMP
f213=C:\AOSpain\Graficos\351.bmp
f214=C:\AOSpain\Graficos\352.BMP
f215=C:\AOSpain\Graficos\353.BMP
f216=C:\AOSpain\Graficos\354.BMP
f217=C:\AOSpain\Graficos\355.BMP
f218=C:\AOSpain\Graficos\356.BMP
f219=C:\AOSpain\Graficos\357.BMP
f220=C:\AOSpain\Graficos\358.BMP
f221=C:\AOSpain\Graficos\359.BMP
f222=C:\AOSpain\Graficos\360.BMP
f223=C:\AOSpain\Graficos\361.BMP
f224=C:\AOSpain\Graficos\362.BMP
f225=C:\AOSpain\Graficos\363.BMP
f226=C:\AOSpain\Graficos\365.BMP
f227=C:\AOSpain\Graficos\366.BMP
f228=C:\AOSpain\Graficos\367.BMP
f229=C:\AOSpain\Graficos\368.BMP
f230=C:\AOSpain\Graficos\369.BMP
f231=C:\AOSpain\Graficos\370.BMP
f232=C:\AOSpain\Graficos\371.BMP
f233=C:\AOSpain\Graficos\372.BMP
f234=C:\AOSpain\Graficos\374.BMP
f235=C:\AOSpain\Graficos\375.BMP
f236=C:\AOSpain\Graficos\376.BMP
f237=C:\AOSpain\Graficos\377.BMP
f238=C:\AOSpain\Graficos\378.BMP
f239=C:\AOSpain\Graficos\379.BMP
f240=C:\AOSpain\Graficos\380.BMP
f241=C:\AOSpain\Graficos\381.BMP
f242=C:\AOSpain\Graficos\382.BMP
f243=C:\AOSpain\Graficos\383.BMP
f244=C:\AOSpain\Graficos\384.BMP
f245=C:\AOSpain\Graficos\385.BMP
f246=C:\AOSpain\Graficos\386.BMP
f247=C:\AOSpain\Graficos\387.BMP
f248=C:\AOSpain\Graficos\388.BMP
f249=C:\AOSpain\Graficos\389.BMP
f250=C:\AOSpain\Graficos\390.BMP
f251=C:\AOSpain\Graficos\391.BMP
f252=C:\AOSpain\Graficos\392.BMP
f253=C:\AOSpain\Graficos\393.BMP
f254=C:\AOSpain\Graficos\394.BMP
f255=C:\AOSpain\Graficos\395.bmp
f256=C:\AOSpain\Graficos\396.bmp
f257=C:\AOSpain\Graficos\397.bmp
f258=C:\AOSpain\Graficos\398.bmp
f259=C:\AOSpain\Graficos\399.bmp
f260=C:\AOSpain\Graficos\400.bmp
f261=C:\AOSpain\Graficos\401.bmp
f262=C:\AOSpain\Graficos\402.bmp
f263=C:\AOSpain\Graficos\403.bmp
f264=C:\AOSpain\Graficos\404.bmp
f265=C:\AOSpain\Graficos\405.bmp
f266=C:\AOSpain\Graficos\1011.bmp
f267=C:\AOSpain\Graficos\501.BMP
f268=C:\AOSpain\Graficos\502.BMP
f269=C:\AOSpain\Graficos\503.BMP
f270=C:\AOSpain\Graficos\504.BMP
f271=C:\AOSpain\Graficos\505.BMP
f272=C:\AOSpain\Graficos\1012.bmp
f273=C:\AOSpain\Graficos\507.BMP
f274=C:\AOSpain\Graficos\508.BMP
f275=C:\AOSpain\Graficos\509.BMP
f276=C:\AOSpain\Graficos\1013.BMP
f277=C:\AOSpain\Graficos\512.BMP
f278=C:\AOSpain\Graficos\513.BMP
f279=C:\AOSpain\Graficos\514.BMP
f280=C:\AOSpain\Graficos\515.BMP
f281=C:\AOSpain\Graficos\516.BMP
f282=C:\AOSpain\Graficos\517.BMP
f283=C:\AOSpain\Graficos\518.BMP
f284=C:\AOSpain\Graficos\1014.bmp
f285=C:\AOSpain\Graficos\520.BMP
f286=C:\AOSpain\Graficos\521.BMP
f287=C:\AOSpain\Graficos\522.BMP
f288=C:\AOSpain\Graficos\523.BMP
f289=C:\AOSpain\Graficos\524.BMP
f290=C:\AOSpain\Graficos\525.BMP
f291=C:\AOSpain\Graficos\1015.BMP
f292=C:\AOSpain\Graficos\1016.bmp
f293=C:\AOSpain\Graficos\1017.bmp
f294=C:\AOSpain\Graficos\529.BMP
f295=C:\AOSpain\Graficos\530.BMP
f296=C:\AOSpain\Graficos\531.BMP
f297=C:\AOSpain\Graficos\532.BMP
f298=C:\AOSpain\Graficos\1018.BMP
f299=C:\AOSpain\Graficos\1019.bmp
f300=C:\AOSpain\Graficos\1020.BMP
f301=C:\AOSpain\Graficos\1021.bmp
f302=C:\AOSpain\Graficos\537.BMP
f303=C:\AOSpain\Graficos\538.BMP
f304=C:\AOSpain\Graficos\539.BMP
f305=C:\AOSpain\Graficos\540.BMP
f306=C:\AOSpain\Graficos\541.BMP
f307=C:\AOSpain\Graficos\542.BMP
f308=C:\AOSpain\Graficos\543.BMP
f309=C:\AOSpain\Graficos\544.BMP
f310=C:\AOSpain\Graficos\545.BMP
f311=C:\AOSpain\Graficos\546.BMP
f312=C:\AOSpain\Graficos\547.BMP
f313=C:\AOSpain\Graficos\548.BMP
f314=C:\AOSpain\Graficos\549.BMP
f315=C:\AOSpain\Graficos\550.BMP
f316=C:\AOSpain\Graficos\5500.BMP
f317=C:\AOSpain\Graficos\5501.BMP
f318=C:\AOSpain\Graficos\5502.BMP
f319=C:\AOSpain\Graficos\5503.BMP
f320=C:\AOSpain\Graficos\5504.BMP
f321=C:\AOSpain\Graficos\5505.BMP
f322=C:\AOSpain\Graficos\5507.BMP
f323=C:\AOSpain\Graficos\5508.BMP
f324=C:\AOSpain\Graficos\5509.BMP
f325=C:\AOSpain\Graficos\551.BMP
f326=C:\AOSpain\Graficos\5510.BMP
f327=C:\AOSpain\Graficos\5511.BMP
f328=C:\AOSpain\Graficos\5516.BMP
f329=C:\AOSpain\Graficos\5517.BMP
f330=C:\AOSpain\Graficos\5518.BMP
f331=C:\AOSpain\Graficos\5519.BMP
f332=C:\AOSpain\Graficos\552.BMP
f333=C:\AOSpain\Graficos\554.BMP
f334=C:\AOSpain\Graficos\1022.bmp
f335=C:\AOSpain\Graficos\556.BMP
f336=C:\AOSpain\Graficos\557.BMP
f337=C:\AOSpain\Graficos\558.BMP
f338=C:\AOSpain\Graficos\559.BMP
f339=C:\AOSpain\Graficos\560.BMP
f340=C:\AOSpain\Graficos\561.BMP
f341=C:\AOSpain\Graficos\562.BMP
f342=C:\AOSpain\Graficos\563.BMP
f343=C:\AOSpain\Graficos\564.BMP
f344=C:\AOSpain\Graficos\565.BMP
f345=C:\AOSpain\Graficos\566.BMP
f346=C:\AOSpain\Graficos\567.BMP
f347=C:\AOSpain\Graficos\568.BMP
f348=C:\AOSpain\Graficos\569.BMP
f349=C:\AOSpain\Graficos\570.BMP
f350=C:\AOSpain\Graficos\571.BMP
f351=C:\AOSpain\Graficos\572.BMP
f352=C:\AOSpain\Graficos\573.BMP
f353=C:\AOSpain\Graficos\574.BMP
f354=C:\AOSpain\Graficos\575.BMP
f355=C:\AOSpain\Graficos\576.BMP
f356=C:\AOSpain\Graficos\1023.bmp
f357=C:\AOSpain\Graficos\578.BMP
f358=C:\AOSpain\Graficos\579.BMP
f359=C:\AOSpain\Graficos\580.BMP
f360=C:\AOSpain\Graficos\581.BMP
f361=C:\AOSpain\Graficos\582.BMP
f362=C:\AOSpain\Graficos\583.BMP
f363=C:\AOSpain\Graficos\584.BMP
f364=C:\AOSpain\Graficos\585.BMP
f365=C:\AOSpain\Graficos\586.BMP
f366=C:\AOSpain\Graficos\587.BMP
f367=C:\AOSpain\Graficos\588.BMP
f368=C:\AOSpain\Graficos\589.BMP
f369=C:\AOSpain\Graficos\590.BMP
f370=C:\AOSpain\Graficos\591.BMP
f371=C:\AOSpain\Graficos\592.BMP
f372=C:\AOSpain\Graficos\593.BMP
f373=C:\AOSpain\Graficos\594.BMP
f374=C:\AOSpain\Graficos\595.BMP
f375=C:\AOSpain\Graficos\596.BMP
f376=C:\AOSpain\Graficos\597.BMP
f377=C:\AOSpain\Graficos\599.BMP
f378=C:\AOSpain\Graficos\600.BMP
f379=C:\AOSpain\Graficos\6000.BMP
f380=C:\AOSpain\Graficos\6001.BMP
f381=C:\AOSpain\Graficos\6002.BMP
f382=C:\AOSpain\Graficos\6003.BMP
f383=C:\AOSpain\Graficos\6004.BMP
f384=C:\AOSpain\Graficos\6005.BMP
f385=C:\AOSpain\Graficos\6006.BMP
f386=C:\AOSpain\Graficos\6007.BMP
f387=C:\AOSpain\Graficos\6008.BMP
f388=C:\AOSpain\Graficos\6009.BMP
f389=C:\AOSpain\Graficos\601.BMP
f390=C:\AOSpain\Graficos\6010.BMP
f391=C:\AOSpain\Graficos\6013.BMP
f392=C:\AOSpain\Graficos\6014.BMP
f393=C:\AOSpain\Graficos\6015.BMP
f394=C:\AOSpain\Graficos\6016.BMP
f395=C:\AOSpain\Graficos\6017.BMP
f396=C:\AOSpain\Graficos\6018.BMP
f397=C:\AOSpain\Graficos\6019.BMP
f398=C:\AOSpain\Graficos\602.BMP
f399=C:\AOSpain\Graficos\6020.BMP
f400=C:\AOSpain\Graficos\6021.BMP
f401=C:\AOSpain\Graficos\603.BMP
f402=C:\AOSpain\Graficos\604.BMP
f403=C:\AOSpain\Graficos\605.BMP
f404=C:\AOSpain\Graficos\606.BMP
f405=C:\AOSpain\Graficos\608.BMP
f406=C:\AOSpain\Graficos\1024.bmp
f407=C:\AOSpain\Graficos\610.BMP
f408=C:\AOSpain\Graficos\611.BMP
f409=C:\AOSpain\Graficos\612.BMP
f410=C:\AOSpain\Graficos\613.BMP
f411=C:\AOSpain\Graficos\614.BMP
f412=C:\AOSpain\Graficos\615.BMP
f413=C:\AOSpain\Graficos\616.BMP
f414=C:\AOSpain\Graficos\1025.bmp
f415=C:\AOSpain\Graficos\1026.bmp
f416=C:\AOSpain\Graficos\619.BMP
f417=C:\AOSpain\Graficos\620.BMP
f418=C:\AOSpain\Graficos\621.BMP
f419=C:\AOSpain\Graficos\622.BMP
f420=C:\AOSpain\Graficos\623.BMP
f421=C:\AOSpain\Graficos\624.BMP
f422=C:\AOSpain\Graficos\625.BMP
f423=C:\AOSpain\Graficos\626.BMP
f424=C:\AOSpain\Graficos\627.BMP
f425=C:\AOSpain\Graficos\628.BMP
f426=C:\AOSpain\Graficos\629.BMP
f427=C:\AOSpain\Graficos\1027.BMP
f428=C:\AOSpain\Graficos\1028.bmp
f429=C:\AOSpain\Graficos\1029.BMP
f430=C:\AOSpain\Graficos\1030.bmp
f431=C:\AOSpain\Graficos\1031.bmp
f432=C:\AOSpain\Graficos\1032.bmp
f433=C:\AOSpain\Graficos\1033.bmp
f434=C:\AOSpain\Graficos\637.BMP
f435=C:\AOSpain\Graficos\638.BMP
f436=C:\AOSpain\Graficos\639.BMP
f437=C:\AOSpain\Graficos\640.BMP
f438=C:\AOSpain\Graficos\641.BMP
f439=C:\AOSpain\Graficos\642.BMP
f440=C:\AOSpain\Graficos\644.BMP
f441=C:\AOSpain\Graficos\645.BMP
f442=C:\AOSpain\Graficos\646.BMP
f443=C:\AOSpain\Graficos\647.BMP
f444=C:\AOSpain\Graficos\648.BMP
f445=C:\AOSpain\Graficos\649.BMP
f446=C:\AOSpain\Graficos\650.BMP
f447=C:\AOSpain\Graficos\651.BMP
f448=C:\AOSpain\Graficos\652.BMP
f449=C:\AOSpain\Graficos\653.BMP
f450=C:\AOSpain\Graficos\654.BMP
f451=C:\AOSpain\Graficos\655.BMP
f452=C:\AOSpain\Graficos\656.BMP
f453=C:\AOSpain\Graficos\657.BMP
f454=C:\AOSpain\Graficos\658.BMP
f455=C:\AOSpain\Graficos\659.BMP
f456=C:\AOSpain\Graficos\660.BMP
f457=C:\AOSpain\Graficos\661.BMP
f458=C:\AOSpain\Graficos\662.BMP
f459=C:\AOSpain\Graficos\663.BMP
f460=C:\AOSpain\Graficos\1034.bmp
f461=C:\AOSpain\Graficos\665.BMP
f462=C:\AOSpain\Graficos\1035.bmp
f463=C:\AOSpain\Graficos\1036.bmp
f464=C:\AOSpain\Graficos\1037.bmp
f465=C:\AOSpain\Graficos\1038.bmp
f466=C:\AOSpain\Graficos\670.BMP
f467=C:\AOSpain\Graficos\671.BMP
f468=C:\AOSpain\Graficos\672.BMP
f469=C:\AOSpain\Graficos\1039.bmp
f470=C:\AOSpain\Graficos\1040.bmp
f471=C:\AOSpain\Graficos\1041.bmp
f472=C:\AOSpain\Graficos\676.BMP
f473=C:\AOSpain\Graficos\677.BMP
f474=C:\AOSpain\Graficos\678.BMP
f475=C:\AOSpain\Graficos\679.BMP
f476=C:\AOSpain\Graficos\680.BMP
f477=C:\AOSpain\Graficos\681.BMP
f478=C:\AOSpain\Graficos\682.BMP
f479=C:\AOSpain\Graficos\683.BMP
f480=C:\AOSpain\Graficos\684.BMP
f481=C:\AOSpain\Graficos\685.BMP
f482=C:\AOSpain\Graficos\686.BMP
f483=C:\AOSpain\Graficos\687.BMP
f484=C:\AOSpain\Graficos\688.BMP
f485=C:\AOSpain\Graficos\689.BMP
f486=C:\AOSpain\Graficos\690.BMP
f487=C:\AOSpain\Graficos\691.BMP
f488=C:\AOSpain\Graficos\692.BMP
f489=C:\AOSpain\Graficos\693.BMP
f490=C:\AOSpain\Graficos\694.BMP
f491=C:\AOSpain\Graficos\695.BMP
f492=C:\AOSpain\Graficos\1042.bmp
f493=C:\AOSpain\Graficos\1043.bmp
f494=C:\AOSpain\Graficos\1044.bmp
f495=C:\AOSpain\Graficos\1045.bmp
f496=C:\AOSpain\Graficos\1046.bmp
f497=C:\AOSpain\Graficos\7000.BMP
f498=C:\AOSpain\Graficos\7001.BMP
f499=C:\AOSpain\Graficos\7002.BMP
f500=C:\AOSpain\Graficos\7003.BMP
f501=C:\AOSpain\Graficos\7004.BMP
f502=C:\AOSpain\Graficos\7005.BMP
f503=C:\AOSpain\Graficos\7006.BMP
f504=C:\AOSpain\Graficos\7007.BMP
f505=C:\AOSpain\Graficos\7008.BMP
f506=C:\AOSpain\Graficos\701.BMP
f507=C:\AOSpain\Graficos\702.BMP
f508=C:\AOSpain\Graficos\703.BMP
f509=C:\AOSpain\Graficos\1047.bmp
f510=C:\AOSpain\Graficos\1048.bmp
f511=C:\AOSpain\Graficos\1049.bmp
f512=C:\AOSpain\Graficos\708.BMP
f513=C:\AOSpain\Graficos\709.BMP
f514=C:\AOSpain\Graficos\710.BMP
f515=C:\AOSpain\Graficos\7100.BMP
f516=C:\AOSpain\Graficos\7102.BMP
f517=C:\AOSpain\Graficos\711.BMP
f518=C:\AOSpain\Graficos\712.BMP
f519=C:\AOSpain\Graficos\713.BMP
f520=C:\AOSpain\Graficos\714.BMP
f521=C:\AOSpain\Graficos\715.BMP
f522=C:\AOSpain\Graficos\716.BMP
f523=C:\AOSpain\Graficos\717.BMP
f524=C:\AOSpain\Graficos\718.BMP
f525=C:\AOSpain\Graficos\719.BMP
f526=C:\AOSpain\Graficos\720.BMP
f527=C:\AOSpain\Graficos\1050.BMP
f528=C:\AOSpain\Graficos\1051.jpg
f529=C:\AOSpain\Graficos\1052.bmp
f530=C:\AOSpain\Graficos\1053.BMP
f531=C:\AOSpain\Graficos\725.BMP
f532=C:\AOSpain\Graficos\726.BMP
f533=C:\AOSpain\Graficos\727.BMP
f534=C:\AOSpain\Graficos\728.BMP
f535=C:\AOSpain\Graficos\729.BMP
f536=C:\AOSpain\Graficos\730.BMP
f537=C:\AOSpain\Graficos\731.BMP
f538=C:\AOSpain\Graficos\732.BMP
f539=C:\AOSpain\Graficos\733.BMP
f540=C:\AOSpain\Graficos\734.BMP
f541=C:\AOSpain\Graficos\735.BMP
f542=C:\AOSpain\Graficos\736.BMP
f543=C:\AOSpain\Graficos\737.BMP
f544=C:\AOSpain\Graficos\738.BMP
f545=C:\AOSpain\Graficos\739.BMP
f546=C:\AOSpain\Graficos\740.BMP
f547=C:\AOSpain\Graficos\741.BMP
f548=C:\AOSpain\Graficos\742.BMP
f549=C:\AOSpain\Graficos\743.BMP
f550=C:\AOSpain\Graficos\744.BMP
f551=C:\AOSpain\Graficos\745.BMP
f552=C:\AOSpain\Graficos\746.bmp
f553=C:\AOSpain\Graficos\747.bmp
f554=C:\AOSpain\Graficos\748.bmp
f555=C:\AOSpain\Graficos\749.bmp
f556=C:\AOSpain\Graficos\750.bmp
f557=C:\AOSpain\Graficos\7500.BMP
f558=C:\AOSpain\Graficos\7501.BMP
f559=C:\AOSpain\Graficos\7502.BMP
f560=C:\AOSpain\Graficos\7503.BMP
f561=C:\AOSpain\Graficos\7504.BMP
f562=C:\AOSpain\Graficos\7505.BMP
f563=C:\AOSpain\Graficos\7506.BMP
f564=C:\AOSpain\Graficos\7507.BMP
f565=C:\AOSpain\Graficos\7508.BMP
f566=C:\AOSpain\Graficos\7509.BMP
f567=C:\AOSpain\Graficos\751.bmp
f568=C:\AOSpain\Graficos\7510.BMP
f569=C:\AOSpain\Graficos\7511.BMP
f570=C:\AOSpain\Graficos\7512.BMP
f571=C:\AOSpain\Graficos\7513.BMP
f572=C:\AOSpain\Graficos\7514.BMP
f573=C:\AOSpain\Graficos\7515.BMP
f574=C:\AOSpain\Graficos\7516.BMP
f575=C:\AOSpain\Graficos\7517.BMP
f576=C:\AOSpain\Graficos\7518.BMP
f577=C:\AOSpain\Graficos\7519.BMP
f578=C:\AOSpain\Graficos\1054.bmp
f579=C:\AOSpain\Graficos\7520.BMP
f580=C:\AOSpain\Graficos\7521.BMP
f581=C:\AOSpain\Graficos\7522.BMP
f582=C:\AOSpain\Graficos\7523.BMP
f583=C:\AOSpain\Graficos\7524.BMP
f584=C:\AOSpain\Graficos\7525.BMP
f585=C:\AOSpain\Graficos\7526.BMP
f586=C:\AOSpain\Graficos\7527.BMP
f587=C:\AOSpain\Graficos\7528.BMP
f588=C:\AOSpain\Graficos\7529.BMP
f589=C:\AOSpain\Graficos\1055.bmp
f590=C:\AOSpain\Graficos\1056.bmp
f591=C:\AOSpain\Graficos\1057.bmp
f592=C:\AOSpain\Graficos\756.bmp
f593=C:\AOSpain\Graficos\757.bmp
f594=C:\AOSpain\Graficos\758.bmp
f595=C:\AOSpain\Graficos\759.bmp
f596=C:\AOSpain\Graficos\760.bmp
f597=C:\AOSpain\Graficos\761.bmp
f598=C:\AOSpain\Graficos\762.bmp
f599=C:\AOSpain\Graficos\763.bmp
f600=C:\AOSpain\Graficos\764.bmp
f601=C:\AOSpain\Graficos\765.bmp
f602=C:\AOSpain\Graficos\766.bmp
f603=C:\AOSpain\Graficos\767.bmp
f604=C:\AOSpain\Graficos\768.bmp
f605=C:\AOSpain\Graficos\769.bmp
f606=C:\AOSpain\Graficos\770.bmp
f607=C:\AOSpain\Graficos\771.bmp
f608=C:\AOSpain\Graficos\772.bmp
f609=C:\AOSpain\Graficos\773.bmp
f610=C:\AOSpain\Graficos\774.bmp
f611=C:\AOSpain\Graficos\775.bmp
f612=C:\AOSpain\Graficos\776.bmp
f613=C:\AOSpain\Graficos\777.bmp
f614=C:\AOSpain\Graficos\778.bmp
f615=C:\AOSpain\Graficos\779.bmp
f616=C:\AOSpain\Graficos\780.bmp
f617=C:\AOSpain\Graficos\781.bmp
f618=C:\AOSpain\Graficos\782.bmp
f619=C:\AOSpain\Graficos\783.bmp
f620=C:\AOSpain\Graficos\784.bmp
f621=C:\AOSpain\Graficos\785.bmp
f622=C:\AOSpain\Graficos\786.bmp
f623=C:\AOSpain\Graficos\787.bmp
f624=C:\AOSpain\Graficos\788.bmp
f625=C:\AOSpain\Graficos\789.bmp
f626=C:\AOSpain\Graficos\790.bmp
f627=C:\AOSpain\Graficos\791.bmp
f628=C:\AOSpain\Graficos\792.bmp
f629=C:\AOSpain\Graficos\793.bmp
f630=C:\AOSpain\Graficos\794.bmp
f631=C:\AOSpain\Graficos\795.bmp
f632=C:\AOSpain\Graficos\796.bmp
f633=C:\AOSpain\Graficos\797.bmp
f634=C:\AOSpain\Graficos\798.bmp
f635=C:\AOSpain\Graficos\799.bmp
f636=C:\AOSpain\Graficos\800.bmp
f637=C:\AOSpain\Graficos\8006.BMP
f638=C:\AOSpain\Graficos\8007.BMP
f639=C:\AOSpain\Graficos\8008.bmp
f640=C:\AOSpain\Graficos\8009.bmp
f641=C:\AOSpain\Graficos\801.bmp
f642=C:\AOSpain\Graficos\8010.bmp
f643=C:\AOSpain\Graficos\8011.bmp
f644=C:\AOSpain\Graficos\8012.bmp
f645=C:\AOSpain\Graficos\8013.bmp
f646=C:\AOSpain\Graficos\8014.bmp
f647=C:\AOSpain\Graficos\8015.bmp
f648=C:\AOSpain\Graficos\8016.bmp
f649=C:\AOSpain\Graficos\8017.bmp
f650=C:\AOSpain\Graficos\8018.bmp
f651=C:\AOSpain\Graficos\8019.bmp
f652=C:\AOSpain\Graficos\802.bmp
f653=C:\AOSpain\Graficos\8020.bmp
f654=C:\AOSpain\Graficos\8021.bmp
f655=C:\AOSpain\Graficos\8022.bmp
f656=C:\AOSpain\Graficos\8023.bmp
f657=C:\AOSpain\Graficos\8024.bmp
f658=C:\AOSpain\Graficos\8025.bmp
f659=C:\AOSpain\Graficos\8026.bmp
f660=C:\AOSpain\Graficos\8027.bmp
f661=C:\AOSpain\Graficos\8028.bmp
f662=C:\AOSpain\Graficos\8029.bmp
f663=C:\AOSpain\Graficos\803.bmp
f664=C:\AOSpain\Graficos\8030.bmp
f665=C:\AOSpain\Graficos\8031.bmp
f666=C:\AOSpain\Graficos\8032.bmp
f667=C:\AOSpain\Graficos\8033.bmp
f668=C:\AOSpain\Graficos\8034.bmp
f669=C:\AOSpain\Graficos\8035.bmp
f670=C:\AOSpain\Graficos\8036.bmp
f671=C:\AOSpain\Graficos\8037.bmp
f672=C:\AOSpain\Graficos\8038.bmp
f673=C:\AOSpain\Graficos\8039.bmp
f674=C:\AOSpain\Graficos\804.bmp
f675=C:\AOSpain\Graficos\8040.bmp
f676=C:\AOSpain\Graficos\8041.bmp
f677=C:\AOSpain\Graficos\8042.bmp
f678=C:\AOSpain\Graficos\8043.bmp
f679=C:\AOSpain\Graficos\8044.bmp
f680=C:\AOSpain\Graficos\8045.bmp
f681=C:\AOSpain\Graficos\8046.bmp
f682=C:\AOSpain\Graficos\8047.bmp
f683=C:\AOSpain\Graficos\8048.bmp
f684=C:\AOSpain\Graficos\8049.bmp
f685=C:\AOSpain\Graficos\805.bmp
f686=C:\AOSpain\Graficos\8050.bmp
f687=C:\AOSpain\Graficos\8051.bmp
f688=C:\AOSpain\Graficos\8052.bmp
f689=C:\AOSpain\Graficos\8053.bmp
f690=C:\AOSpain\Graficos\8054.bmp
f691=C:\AOSpain\Graficos\8055.bmp
f692=C:\AOSpain\Graficos\8056.bmp
f693=C:\AOSpain\Graficos\8057.bmp
f694=C:\AOSpain\Graficos\8058.bmp
f695=C:\AOSpain\Graficos\8059.bmp
f696=C:\AOSpain\Graficos\806.bmp
f697=C:\AOSpain\Graficos\8060.bmp
f698=C:\AOSpain\Graficos\8061.bmp
f699=C:\AOSpain\Graficos\8062.bmp
f700=C:\AOSpain\Graficos\8063.bmp
f701=C:\AOSpain\Graficos\8064.bmp
f702=C:\AOSpain\Graficos\8065.bmp
f703=C:\AOSpain\Graficos\807.bmp
f704=C:\AOSpain\Graficos\808.bmp
f705=C:\AOSpain\Graficos\809.bmp
f706=C:\AOSpain\Graficos\810.bmp
f707=C:\AOSpain\Graficos\811.bmp
f708=C:\AOSpain\Graficos\812.bmp
f709=C:\AOSpain\Graficos\813.bmp
f710=C:\AOSpain\Graficos\814.bmp
f711=C:\AOSpain\Graficos\815.bmp
f712=C:\AOSpain\Graficos\816.bmp
f713=C:\AOSpain\Graficos\817.bmp
f714=C:\AOSpain\Graficos\819.bmp
f715=C:\AOSpain\Graficos\820.bmp
f716=C:\AOSpain\Graficos\8200.bmp
f717=C:\AOSpain\Graficos\8201.bmp
f718=C:\AOSpain\Graficos\8202.bmp
f719=C:\AOSpain\Graficos\8203.bmp
f720=C:\AOSpain\Graficos\8204.bmp
f721=C:\AOSpain\Graficos\8205.bmp
f722=C:\AOSpain\Graficos\8206.bmp
f723=C:\AOSpain\Graficos\8207.bmp
f724=C:\AOSpain\Graficos\8208.bmp
f725=C:\AOSpain\Graficos\8209.bmp
f726=C:\AOSpain\Graficos\821.bmp
f727=C:\AOSpain\Graficos\8210.bmp
f728=C:\AOSpain\Graficos\822.bmp
f729=C:\AOSpain\Graficos\823.bmp
f730=C:\AOSpain\Graficos\1058.bmp
f731=C:\AOSpain\Graficos\825.bmp
f732=C:\AOSpain\Graficos\9500.bmp
f733=C:\AOSpain\Graficos\9501.bmp
f734=C:\AOSpain\Graficos\9502.bmp
f735=C:\AOSpain\Graficos\9503.bmp
f736=C:\AOSpain\Graficos\9504.bmp
f737=C:\AOSpain\Graficos\9505.bmp
f738=C:\AOSpain\Graficos\9506.bmp
f739=C:\AOSpain\Graficos\9507.bmp
f740=C:\AOSpain\Graficos\9508.bmp
f741=C:\AOSpain\Graficos\9510.bmp
f742=C:\AOSpain\Graficos\9511.bmp
f743=C:\AOSpain\Graficos\9512.bmp
f744=C:\AOSpain\Graficos\9513.bmp
f745=C:\AOSpain\Graficos\9514.bmp
f746=C:\AOSpain\Graficos\9515.bmp
f747=C:\AOSpain\Graficos\9516.bmp
f748=C:\AOSpain\Graficos\9517.bmp
f749=C:\AOSpain\Graficos\9518.bmp
f750=C:\AOSpain\Graficos\9519.bmp
f751=C:\AOSpain\Graficos\9520.bmp
f752=C:\AOSpain\Graficos\9521.bmp
f753=C:\AOSpain\Graficos\9522.bmp
f754=C:\AOSpain\Graficos\9523.bmp
f755=C:\AOSpain\Graficos\9530.bmp
f756=C:\AOSpain\Graficos\9531.bmp
f757=C:\AOSpain\Graficos\9532.bmp
f758=C:\AOSpain\Graficos\9533.bmp
f759=C:\AOSpain\Graficos\9534.bmp
f760=C:\AOSpain\Graficos\9535.bmp
f761=C:\AOSpain\Graficos\9536.bmp
f762=C:\AOSpain\Graficos\9537.bmp
f763=C:\AOSpain\Graficos\9538.bmp
f764=C:\AOSpain\Graficos\9539.bmp
f765=C:\AOSpain\Graficos\9540.bmp
f766=C:\AOSpain\Graficos\9541.bmp
f767=C:\AOSpain\Graficos\9542.bmp
f768=C:\AOSpain\Graficos\9543.bmp
f769=C:\AOSpain\Graficos\9544.bmp
f770=C:\AOSpain\Graficos\9545.bmp
f771=C:\AOSpain\Graficos\9546.bmp
f772=C:\AOSpain\Graficos\9547.bmp
f773=C:\AOSpain\Graficos\9548.bmp
f774=C:\AOSpain\Graficos\9549.bmp
f775=C:\AOSpain\Graficos\9550.bmp
f776=C:\AOSpain\Graficos\9551.bmp
f777=C:\AOSpain\Graficos\9552.bmp
f778=C:\AOSpain\Graficos\9553.bmp
f779=C:\AOSpain\Graficos\9554.bmp
f780=C:\AOSpain\Graficos\9555.bmp
f781=C:\AOSpain\Graficos\LLUVIA2.BMP
f782=C:\AOSpain\Graficos\LLUVIA.BMP
f783=C:\AOSpain\Graficos\Thumbs.db
f784=C:\AOSpain\Graficos\ARGENTUM.JPG
f785=C:\AOSpain\Graficos\ASESINO.JPG
f786=C:\AOSpain\Graficos\BANDIDO.JPG
f787=C:\AOSpain\Graficos\BARDO.JPG
f788=C:\AOSpain\Graficos\BotónConectarGrabado.jpg
f789=C:\AOSpain\Graficos\BotónVenderApretado.jpg
f790=C:\AOSpain\Graficos\BotónComprarApretado.jpg
f791=C:\AOSpain\Graficos\BotónComprar.jpg
f792=C:\AOSpain\Graficos\BotónVender.jpg
f793=C:\AOSpain\Graficos\BotónSiguienteApretado.jpg
f794=C:\AOSpain\Graficos\BotónSiguiente.jpg
f795=C:\AOSpain\Graficos\BotónVolverApretado.jpg
f796=C:\AOSpain\Graficos\BotónVolver.jpg
f797=C:\AOSpain\Graficos\BotónOK.jpg
f798=C:\AOSpain\Graficos\BotónMás.jpg
f799=C:\AOSpain\Graficos\BotónMenos.jpg
f800=C:\AOSpain\Graficos\carpintero.jpg
f801=C:\AOSpain\Graficos\CAZADOR.JPG
f802=C:\AOSpain\Graficos\Centronuevoinventario.jpg
f803=C:\AOSpain\Graficos\Centronuevohechizos.jpg
f804=C:\AOSpain\Graficos\Clase.jpg
f805=C:\AOSpain\Graficos\CLERIGO.JPG
f806=C:\AOSpain\Graficos\COCINERO.JPG
f807=C:\AOSpain\Graficos\Comerciar.jpg
f808=C:\AOSpain\Graficos\Conectar.jpg
f809=C:\AOSpain\Graficos\CP-Interface.jpg
f810=C:\AOSpain\Graficos\CP-Ullathorpe.jpg
f811=C:\AOSpain\Graficos\CrearCaracter.jpg
f812=C:\AOSpain\Graficos\DRUIDA.JPG
f813=C:\AOSpain\Graficos\GUERRERO.JPG
f814=C:\AOSpain\Graficos\HERRERO.JPG
f815=C:\AOSpain\Graficos\LADRON.JPG
f816=C:\AOSpain\Graficos\leñador.jpg
f817=C:\AOSpain\Graficos\MAGO.JPG
f818=C:\AOSpain\Graficos\MINERO.JPG
f819=C:\AOSpain\Graficos\NEW.JPG
f820=C:\AOSpain\Graficos\NOLAND.JPG
f821=C:\AOSpain\Graficos\OldCaracter.jpg
f822=C:\AOSpain\Graficos\PALADIN.JPG
f823=C:\AOSpain\Graficos\PESCADOR.JPG
f824=C:\AOSpain\Graficos\Principalnuevo_sin_energia.jpg
f825=C:\AOSpain\Graficos\Principal.jpg
f826=C:\AOSpain\Graficos\RAZA.JPG
f827=C:\AOSpain\Graficos\SASTRE.JPG
f828=C:\AOSpain\Graficos\Skills.jpg
f829=C:\AOSpain\Graficos\3.BMP
f830=C:\AOSpain\Graficos\21.bmp
f831=C:\AOSpain\Graficos\23.bmp
f832=C:\AOSpain\Graficos\24.bmp
f833=C:\AOSpain\Graficos\100.BMP
f834=C:\AOSpain\Graficos\101.BMP
f835=C:\AOSpain\Graficos\102.BMP
f836=C:\AOSpain\Graficos\103.BMP
f837=C:\AOSpain\Graficos\104.BMP
f838=C:\AOSpain\Graficos\105.BMP
f839=C:\AOSpain\Graficos\106.BMP
f840=C:\AOSpain\Graficos\107.BMP
f841=C:\AOSpain\Graficos\108.BMP
f842=C:\AOSpain\Graficos\109.BMP
f843=C:\AOSpain\Graficos\110.BMP
f844=C:\AOSpain\Graficos\111.BMP
f845=C:\AOSpain\Graficos\112.BMP
f846=C:\AOSpain\Graficos\113.BMP
f847=C:\AOSpain\Graficos\114.BMP
f848=C:\AOSpain\Graficos\118.bmp
f849=C:\AOSpain\Graficos\119.bmp
f850=C:\AOSpain\Graficos\120.bmp
f851=C:\AOSpain\Graficos\137.bmp
f852=C:\AOSpain\Graficos\138.bmp
f853=C:\AOSpain\Graficos\200.bmp
f854=C:\AOSpain\Graficos\201.bmp
f855=C:\AOSpain\Graficos\202.bmp
f856=C:\AOSpain\Graficos\203.bmp
f857=C:\AOSpain\Graficos\204.bmp
f858=C:\AOSpain\Graficos\205.bmp
f859=C:\AOSpain\Graficos\206.bmp
f860=C:\AOSpain\Graficos\207.bmp
f861=C:\AOSpain\Graficos\208.bmp
f862=C:\AOSpain\Graficos\209.bmp
f863=C:\AOSpain\Graficos\210.bmp
f864=C:\AOSpain\Graficos\211.bmp
f865=C:\AOSpain\Graficos\212.bmp
f866=C:\AOSpain\Graficos\213.bmp
f867=C:\AOSpain\Graficos\214.bmp
f868=C:\AOSpain\Graficos\216.bmp
f869=C:\AOSpain\Graficos\217.bmp
f870=C:\AOSpain\Graficos\218.bmp
f871=C:\AOSpain\Graficos\219.bmp
f872=C:\AOSpain\Graficos\220.bmp
f873=C:\AOSpain\Graficos\221.bmp
f874=C:\AOSpain\Graficos\222.bmp
f875=C:\AOSpain\Graficos\223.bmp
f876=C:\AOSpain\Graficos\224.bmp
f877=C:\AOSpain\Graficos\226.bmp
f878=C:\AOSpain\Graficos\227.bmp
f879=C:\AOSpain\Graficos\228.bmp
f880=C:\AOSpain\Graficos\229.bmp
f881=C:\AOSpain\Graficos\230.bmp
f882=C:\AOSpain\Graficos\231.bmp
f883=C:\AOSpain\Graficos\232.bmp
f884=C:\AOSpain\Graficos\500.bmp
f885=C:\AOSpain\Graficos\506.bmp
f886=C:\AOSpain\Graficos\511.bmp
f887=C:\AOSpain\Graficos\519.bmp
f888=C:\AOSpain\Graficos\526.bmp
f889=C:\AOSpain\Graficos\527.bmp
f890=C:\AOSpain\Graficos\528.bmp
f891=C:\AOSpain\Graficos\533.BMP
f892=C:\AOSpain\Graficos\534.BMP
f893=C:\AOSpain\Graficos\535.BMP
f894=C:\AOSpain\Graficos\536.BMP
f895=C:\AOSpain\Graficos\555.bmp
f896=C:\AOSpain\Graficos\577.bmp
f897=C:\AOSpain\Graficos\609.BMP
f898=C:\AOSpain\Graficos\617.BMP
f899=C:\AOSpain\Graficos\618.bmp
f900=C:\AOSpain\Graficos\630.bmp
f901=C:\AOSpain\Graficos\631.bmp
f902=C:\AOSpain\Graficos\632.bmp
f903=C:\AOSpain\Graficos\633.bmp
f904=C:\AOSpain\Graficos\634.bmp
f905=C:\AOSpain\Graficos\635.bmp
f906=C:\AOSpain\Graficos\636.bmp
f907=C:\AOSpain\Graficos\664.bmp
f908=C:\AOSpain\Graficos\666.bmp
f909=C:\AOSpain\Graficos\667.bmp
f910=C:\AOSpain\Graficos\668.bmp
f911=C:\AOSpain\Graficos\669.bmp
f912=C:\AOSpain\Graficos\673.bmp
f913=C:\AOSpain\Graficos\674.bmp
f914=C:\AOSpain\Graficos\675.bmp
f915=C:\AOSpain\Graficos\696.bmp
f916=C:\AOSpain\Graficos\697.bmp
f917=C:\AOSpain\Graficos\698.bmp
f918=C:\AOSpain\Graficos\699.bmp
f919=C:\AOSpain\Graficos\700.bmp
f920=C:\AOSpain\Graficos\704.bmp
f921=C:\AOSpain\Graficos\705.bmp
f922=C:\AOSpain\Graficos\706.bmp
f923=C:\AOSpain\Graficos\707.bmp
f924=C:\AOSpain\Graficos\721.bmp
f925=C:\AOSpain\Graficos\722.bmp
f926=C:\AOSpain\Graficos\723.bmp
f927=C:\AOSpain\Graficos\724.bmp
f928=C:\AOSpain\Graficos\752.BMP
f929=C:\AOSpain\Graficos\753.BMP
f930=C:\AOSpain\Graficos\754.BMP
f931=C:\AOSpain\Graficos\755.BMP
f932=C:\AOSpain\Graficos\824.bmp
f933=C:\AOSpain\Graficos\900.bmp
f934=C:\AOSpain\Graficos\901.bmp
f935=C:\AOSpain\Graficos\902.bmp
f936=C:\AOSpain\Graficos\903.bmp
f937=C:\AOSpain\Graficos\904.bmp
f938=C:\AOSpain\Graficos\905.bmp
f939=C:\AOSpain\Graficos\906.bmp
f940=C:\AOSpain\Graficos\907.bmp
f941=C:\AOSpain\Graficos\908.bmp
f942=C:\AOSpain\Graficos\909.bmp
f943=C:\AOSpain\Graficos\910.bmp
f944=C:\AOSpain\Graficos\911.bmp
f945=C:\AOSpain\Graficos\912.BMP
f946=C:\AOSpain\Graficos\913.BMP
f947=C:\AOSpain\Graficos\914.BMP
f948=C:\AOSpain\Graficos\915.BMP
f949=C:\AOSpain\Graficos\916.BMP
f950=C:\AOSpain\Graficos\917.BMP
f951=C:\AOSpain\Graficos\918.bmp
f952=C:\AOSpain\Graficos\919.bmp
f953=C:\AOSpain\Graficos\920.bmp
f954=C:\AOSpain\Graficos\921.bmp
f955=C:\AOSpain\Graficos\922.bmp
f956=C:\AOSpain\Graficos\923.bmp
f957=C:\AOSpain\Graficos\924.BMP
f958=C:\AOSpain\Graficos\925.BMP
f959=C:\AOSpain\Graficos\926.BMP
f960=C:\AOSpain\Graficos\927.BMP
f961=C:\AOSpain\Graficos\928.bmp
f962=C:\AOSpain\Graficos\929.BMP
f963=C:\AOSpain\Graficos\930.bmp
f964=C:\AOSpain\Graficos\931.bmp
f965=C:\AOSpain\Graficos\932.BMP
f966=C:\AOSpain\Graficos\933.BMP
f967=C:\AOSpain\Graficos\934.BMP
f968=C:\AOSpain\Graficos\935.bmp
f969=C:\AOSpain\Graficos\936.bmp
f970=C:\AOSpain\Graficos\937.bmp
f971=C:\AOSpain\Graficos\938.bmp
f972=C:\AOSpain\Graficos\939.bmp
f973=C:\AOSpain\Graficos\940.bmp
f974=C:\AOSpain\Graficos\941.bmp
f975=C:\AOSpain\Graficos\942.bmp
f976=C:\AOSpain\Graficos\943.bmp
f977=C:\AOSpain\Graficos\944.bmp
f978=C:\AOSpain\Graficos\945.bmp
f979=C:\AOSpain\Graficos\946.bmp
f980=C:\AOSpain\Graficos\947.bmp
f981=C:\AOSpain\Graficos\948.bmp
f982=C:\AOSpain\Graficos\949.bmp
f983=C:\AOSpain\Graficos\950.bmp
f984=C:\AOSpain\Graficos\951.bmp
f985=C:\AOSpain\Graficos\952.bmp
f986=C:\AOSpain\Graficos\953.bmp
f987=C:\AOSpain\Graficos\954.bmp
f988=C:\AOSpain\Graficos\955.bmp
f989=C:\AOSpain\Graficos\1059.bmp
f990=C:\AOSpain\Graficos\1060.bmp
f991=C:\AOSpain\Graficos\1061.bmp
f992=C:\AOSpain\Graficos\1062.bmp
f993=C:\AOSpain\Graficos\1063.bmp
f994=C:\AOSpain\Graficos\1064.bmp
f995=C:\AOSpain\Graficos\1065.bmp
f996=C:\AOSpain\Graficos\1066.bmp
f997=C:\AOSpain\Graficos\1067.BMP
f998=C:\AOSpain\Graficos\1068.bmp
f999=C:\AOSpain\Graficos\1069.bmp
f1000=C:\AOSpain\Graficos\1070.bmp
f1001=C:\AOSpain\Graficos\1071.bmp
f1002=C:\AOSpain\Graficos\1072.bmp
f1003=C:\AOSpain\Graficos\1073.bmp
f1004=C:\AOSpain\Graficos\1074.bmp
f1005=C:\AOSpain\Graficos\1075.bmp
f1006=C:\AOSpain\Graficos\1076.bmp
f1007=C:\AOSpain\Graficos\1077.bmp
f1008=C:\AOSpain\Graficos\1078.BMP
f1009=C:\AOSpain\Graficos\1079.bmp
f1010=C:\AOSpain\Graficos\1080.bmp
f1011=C:\AOSpain\Graficos\1081.bmp
f1012=C:\AOSpain\Graficos\1082.bmp
f1013=C:\AOSpain\Graficos\1083.bmp
f1014=C:\AOSpain\Graficos\1084.bmp
f1015=C:\AOSpain\Graficos\1085.bmp
f1016=C:\AOSpain\Graficos\1086.bmp
f1017=C:\AOSpain\Graficos\1087.bmp
f1018=C:\AOSpain\Graficos\1088.bmp
f1019=C:\AOSpain\Graficos\1089.bmp
f1020=C:\AOSpain\Graficos\1090.bmp
f1021=C:\AOSpain\Graficos\1091.bmp
f1022=C:\AOSpain\Graficos\1092.bmp
f1023=C:\AOSpain\Graficos\1093.bmp
f1024=C:\AOSpain\Graficos\1094.bmp
f1025=C:\AOSpain\Graficos\1095.bmp
f1026=C:\AOSpain\Graficos\1096.bmp
f1027=C:\AOSpain\Graficos\1097.bmp
f1028=C:\AOSpain\Graficos\1098.bmp
f1029=C:\AOSpain\Graficos\1099.bmp
f1030=C:\AOSpain\Graficos\1100.bmp
f1031=C:\AOSpain\Graficos\1101.bmp
f1032=C:\AOSpain\Graficos\1102.bmp
f1033=C:\AOSpain\Graficos\1103.bmp
f1034=C:\AOSpain\Graficos\1104.bmp
f1035=C:\AOSpain\Graficos\1105.BMP
f1036=C:\AOSpain\Graficos\1106.BMP
f1037=C:\AOSpain\Graficos\1107.BMP
f1038=C:\AOSpain\Graficos\1108.BMP
f1039=C:\AOSpain\Graficos\1109.BMP
f1040=C:\AOSpain\Graficos\1110.bmp
f1041=C:\AOSpain\Graficos\1111.bmp
f1042=C:\AOSpain\Graficos\1112.bmp
f1043=C:\AOSpain\Graficos\1113.bmp
f1044=C:\AOSpain\Graficos\1114.bmp
f1045=C:\AOSpain\Graficos\1115.bmp
f1046=C:\AOSpain\Graficos\1116.bmp
f1047=C:\AOSpain\Graficos\1117.bmp
f1048=C:\AOSpain\Graficos\1118.bmp
f1049=C:\AOSpain\Graficos\1119.bmp
f1050=C:\AOSpain\Graficos\1200.bmp
f1051=C:\AOSpain\Graficos\1201.bmp
f1052=C:\AOSpain\Graficos\1202.bmp
f1053=C:\AOSpain\Graficos\1203.bmp
f1054=C:\AOSpain\Graficos\1204.bmp
f1055=C:\AOSpain\Graficos\1205.bmp
f1056=C:\AOSpain\Graficos\1206.bmp
f1057=C:\AOSpain\Graficos\1207.bmp
f1058=C:\AOSpain\Graficos\1208.bmp
f1059=C:\AOSpain\Graficos\1209.bmp
f1060=C:\AOSpain\Graficos\1210.bmp
f1061=C:\AOSpain\Graficos\1211.bmp
f1062=C:\AOSpain\Graficos\1212.bmp
f1063=C:\AOSpain\Graficos\1213.bmp
f1064=C:\AOSpain\Graficos\1214.bmp
f1065=C:\AOSpain\Graficos\1215.bmp
f1066=C:\AOSpain\Graficos\1216.bmp
f1067=C:\AOSpain\Graficos\1217.bmp
f1068=C:\AOSpain\Graficos\1218.bmp
f1069=C:\AOSpain\Graficos\1219.bmp
f1070=C:\AOSpain\Graficos\1220.bmp
f1071=C:\AOSpain\Graficos\1221.bmp
f1072=C:\AOSpain\Graficos\1222.bmp
f1073=C:\AOSpain\Graficos\1223.bmp
f1074=C:\AOSpain\Graficos\1224.bmp
f1075=C:\AOSpain\Graficos\1225.bmp
f1076=C:\AOSpain\Graficos\1226.bmp
f1077=C:\AOSpain\Graficos\1227.bmp
f1078=C:\AOSpain\Graficos\1228.bmp
f1079=C:\AOSpain\Graficos\1229.bmp
f1080=C:\AOSpain\Graficos\1230.bmp
f1081=C:\AOSpain\Graficos\1231.bmp
f1082=C:\AOSpain\Graficos\1232.bmp
f1083=C:\AOSpain\Graficos\1233.bmp
f1084=C:\AOSpain\Graficos\1234.bmp
f1085=C:\AOSpain\Graficos\1235.bmp
f1086=C:\AOSpain\Graficos\1236.bmp
f1087=C:\AOSpain\Graficos\1237.bmp
f1088=C:\AOSpain\Graficos\1238.bmp
f1089=C:\AOSpain\Graficos\1239.bmp
f1090=C:\AOSpain\Graficos\1240.bmp
f1091=C:\AOSpain\Graficos\1241.bmp
f1092=C:\AOSpain\Graficos\1242.bmp
f1093=C:\AOSpain\Graficos\1243.bmp
f1094=C:\AOSpain\Graficos\1244.bmp
f1095=C:\AOSpain\Graficos\1245.bmp
f1096=C:\AOSpain\Graficos\1246.bmp
f1097=C:\AOSpain\Graficos\1247.bmp
f1098=C:\AOSpain\Graficos\1248.BMP
f1099=C:\AOSpain\Graficos\1249.bmp
f1100=C:\AOSpain\Graficos\1250.bmp
f1101=C:\AOSpain\Graficos\1251.bmp
f1102=C:\AOSpain\Graficos\1252.bmp
f1103=C:\AOSpain\Graficos\1253.bmp
f1104=C:\AOSpain\Graficos\1254.bmp
f1105=C:\AOSpain\Graficos\1255.bmp
f1106=C:\AOSpain\Graficos\1256.bmp
f1107=C:\AOSpain\Graficos\1257.bmp
f1108=C:\AOSpain\Graficos\1258.bmp
f1109=C:\AOSpain\Graficos\1259.bmp
f1110=C:\AOSpain\Graficos\1260.bmp
f1111=C:\AOSpain\Graficos\1261.bmp
f1112=C:\AOSpain\Graficos\1262.bmp
f1113=C:\AOSpain\Graficos\1263.bmp
f1114=C:\AOSpain\Graficos\1264.bmp
f1115=C:\AOSpain\Graficos\1265.bmp
f1116=C:\AOSpain\Graficos\1266.bmp
f1117=C:\AOSpain\Graficos\1267.bmp
f1118=C:\AOSpain\Graficos\1268.bmp
f1119=C:\AOSpain\Graficos\1269.bmp
f1120=C:\AOSpain\Graficos\1270.bmp
f1121=C:\AOSpain\Graficos\1271.bmp
f1122=C:\AOSpain\Graficos\1272.bmp
f1123=C:\AOSpain\Graficos\1273.BMP
f1124=C:\AOSpain\Graficos\1274.bmp
f1125=C:\AOSpain\Graficos\1275.bmp
f1126=C:\AOSpain\Graficos\1276.bmp
f1127=C:\AOSpain\Graficos\1277.bmp
f1128=C:\AOSpain\Graficos\1278.bmp
f1129=C:\AOSpain\Graficos\1279.bmp
f1130=C:\AOSpain\Graficos\1280.bmp
f1131=C:\AOSpain\Graficos\1281.BMP
f1132=C:\AOSpain\Graficos\1282.BMP
f1133=C:\AOSpain\Graficos\1283.bmp
f1134=C:\AOSpain\Graficos\1284.bmp
f1135=C:\AOSpain\Graficos\1285.bmp
f1136=C:\AOSpain\Graficos\1286.bmp
f1137=C:\AOSpain\Graficos\1287.bmp
f1138=C:\AOSpain\Graficos\1288.bmp
f1139=C:\AOSpain\Graficos\1289.bmp
f1140=C:\AOSpain\Graficos\1290.bmp
f1141=C:\AOSpain\Graficos\1291.bmp
f1142=C:\AOSpain\Graficos\1292.bmp
f1143=C:\AOSpain\Graficos\1293.bmp
f1144=C:\AOSpain\Graficos\1294.bmp
f1145=C:\AOSpain\Graficos\1295.bmp
f1146=C:\AOSpain\Graficos\1296.bmp
f1147=C:\AOSpain\Graficos\1297.bmp
f1148=C:\AOSpain\Graficos\1298.bmp
f1149=C:\AOSpain\Graficos\1299.bmp
f1150=C:\AOSpain\Graficos\1300.bmp
f1151=C:\AOSpain\Graficos\1301.bmp
f1152=C:\AOSpain\Graficos\1302.bmp
f1153=C:\AOSpain\Graficos\1303.bmp
f1154=C:\AOSpain\Graficos\1304.bmp
f1155=C:\AOSpain\Graficos\1305.bmp
f1156=C:\AOSpain\Graficos\1306.bmp
f1157=C:\AOSpain\Graficos\1307.bmp
f1158=C:\AOSpain\Graficos\1308.bmp
f1159=C:\AOSpain\Graficos\1309.bmp
f1160=C:\AOSpain\Graficos\1310.bmp
f1161=C:\AOSpain\Graficos\1311.bmp
f1162=C:\AOSpain\Graficos\1312.bmp
f1163=C:\AOSpain\Graficos\1313.bmp
f1164=C:\AOSpain\Graficos\1314.bmp
f1165=C:\AOSpain\Graficos\1315.bmp
f1166=C:\AOSpain\Graficos\1316.bmp
f1167=C:\AOSpain\Graficos\1317.bmp
f1168=C:\AOSpain\Graficos\1318.bmp
f1169=C:\AOSpain\Graficos\1319.bmp
f1170=C:\AOSpain\Graficos\1320.bmp
f1171=C:\AOSpain\Graficos\1321.bmp
f1172=C:\AOSpain\Graficos\1322.bmp
f1173=C:\AOSpain\Graficos\1323.bmp
f1174=C:\AOSpain\Graficos\1324.bmp
f1175=C:\AOSpain\Graficos\1325.bmp
f1176=C:\AOSpain\Graficos\1326.bmp
f1177=C:\AOSpain\Graficos\1327.bmp
f1178=C:\AOSpain\Graficos\1328.bmp
f1179=C:\AOSpain\Graficos\1329.bmp
f1180=C:\AOSpain\Graficos\1330.bmp
f1181=C:\AOSpain\Graficos\1331.bmp
f1182=C:\AOSpain\Graficos\1332.bmp
f1183=C:\AOSpain\Graficos\1333.bmp
f1184=C:\AOSpain\Graficos\1334.bmp
f1185=C:\AOSpain\Graficos\1335.bmp
f1186=C:\AOSpain\Graficos\1336.bmp
f1187=C:\AOSpain\Graficos\1337.bmp
f1188=C:\AOSpain\Graficos\1338.bmp
f1189=C:\AOSpain\Graficos\1339.bmp
f1190=C:\AOSpain\Graficos\1400.bmp
f1191=C:\AOSpain\Graficos\1401.bmp
f1192=C:\AOSpain\Graficos\1402.bmp
f1193=C:\AOSpain\Graficos\1403.bmp
f1194=C:\AOSpain\Graficos\1404.bmp
f1195=C:\AOSpain\Graficos\1405.bmp
f1196=C:\AOSpain\Graficos\1406.bmp
f1197=C:\AOSpain\Graficos\1407.bmp
f1198=C:\AOSpain\Graficos\1408.bmp
f1199=C:\AOSpain\Graficos\1409.bmp
f1200=C:\AOSpain\Graficos\1410.bmp
f1201=C:\AOSpain\Graficos\1411.bmp
f1202=C:\AOSpain\Graficos\1412.bmp
f1203=C:\AOSpain\Graficos\1413.bmp
f1204=C:\AOSpain\Graficos\1414.bmp
f1205=C:\AOSpain\Graficos\1415.bmp
f1206=C:\AOSpain\Graficos\1416.bmp
f1207=C:\AOSpain\Graficos\1417.bmp
f1208=C:\AOSpain\Graficos\1418.bmp
f1209=C:\AOSpain\Graficos\1419.BMP
f1210=C:\AOSpain\Graficos\1420.BMP
f1211=C:\AOSpain\Graficos\1421.BMP
f1212=C:\AOSpain\Graficos\1422.BMP
f1213=C:\AOSpain\Graficos\1423.bmp
f1214=C:\AOSpain\Graficos\1424.bmp
f1215=C:\AOSpain\Graficos\1425.bmp
f1216=C:\AOSpain\Graficos\1426.bmp
f1217=C:\AOSpain\Graficos\1427.bmp
f1218=C:\AOSpain\Graficos\1428.bmp
f1219=C:\AOSpain\Graficos\1429.bmp
f1220=C:\AOSpain\Graficos\1430.bmp
f1221=C:\AOSpain\Graficos\1431.bmp
f1222=C:\AOSpain\Graficos\1432.bmp
f1223=C:\AOSpain\Graficos\1433.bmp
f1224=C:\AOSpain\Graficos\1434.bmp
f1225=C:\AOSpain\Graficos\1435.bmp
f1226=C:\AOSpain\Graficos\1436.bmp
f1227=C:\AOSpain\Graficos\1437.bmp
f1228=C:\AOSpain\Graficos\1438.bmp
f1229=C:\AOSpain\Graficos\1439.bmp
f1230=C:\AOSpain\Graficos\1440.bmp
f1231=C:\AOSpain\Graficos\1441.bmp
f1232=C:\AOSpain\Graficos\1442.bmp
f1233=C:\AOSpain\Graficos\1443.bmp
f1234=C:\AOSpain\Graficos\1445.BMP
f1235=C:\AOSpain\Graficos\1446.BMP
f1236=C:\AOSpain\Graficos\1447.BMP
f1237=C:\AOSpain\Graficos\1448.BMP
f1238=C:\AOSpain\Graficos\1449.bmp
f1239=C:\AOSpain\Graficos\1450.bmp
f1240=C:\AOSpain\Graficos\1451.bmp
f1241=C:\AOSpain\Graficos\1452.bmp
f1242=C:\AOSpain\Graficos\1453.bmp
f1243=C:\AOSpain\Graficos\1454.bmp
f1244=C:\AOSpain\Graficos\1455.bmp
f1245=C:\AOSpain\Graficos\1456.bmp
f1246=C:\AOSpain\Graficos\1457.BMP
f1247=C:\AOSpain\Graficos\1458.BMP
f1248=C:\AOSpain\Graficos\1459.BMP
f1249=C:\AOSpain\Graficos\1460.BMP
f1250=C:\AOSpain\Graficos\1461.bmp
f1251=C:\AOSpain\Graficos\1462.bmp
f1252=C:\AOSpain\Graficos\1463.bmp
f1253=C:\AOSpain\Graficos\1464.bmp
f1254=C:\AOSpain\Graficos\510.BMP
f1255=C:\AOSpain\Graficos\towebs.jpg
f1256=C:\AOSpain\Graficos\5556.BMP
f1257=C:\AOSpain\Graficos\1340.bmp
f1258=C:\AOSpain\Graficos\1341.bmp
f1259=C:\AOSpain\Graficos\1342.bmp
f1260=C:\AOSpain\Graficos\1343.bmp
f1261=C:\AOSpain\Graficos\1344.bmp
f1262=C:\AOSpain\Graficos\1345.bmp
f1263=C:\AOSpain\Graficos\1346.bmp
f1264=C:\AOSpain\Graficos\1347.bmp
f1265=C:\AOSpain\Graficos\1348.bmp
f1266=C:\AOSpain\Graficos\1349.BMP
f1267=C:\AOSpain\Graficos\1350.bmp
f1268=C:\AOSpain\Graficos\1351.bmp
f1269=C:\AOSpain\Graficos\1352.bmp
f1270=C:\AOSpain\Graficos\1353.bmp
f1271=C:\AOSpain\Graficos\1354.bmp
f1272=C:\AOSpain\Graficos\1355.bmp
f1273=C:\AOSpain\Graficos\1356.bmp
f1274=C:\AOSpain\Graficos\1357.bmp
f1275=C:\AOSpain\Graficos\1358.bmp
f1276=C:\AOSpain\Graficos\1359.bmp
f1277=C:\AOSpain\Graficos\1360.bmp
f1278=C:\AOSpain\Graficos\1361.bmp
f1279=C:\AOSpain\Graficos\1362.bmp
f1280=C:\AOSpain\Graficos\1363.BMP
f1281=C:\AOSpain\Graficos\1364.BMP
f1282=C:\AOSpain\Graficos\1365.bmp
f1283=C:\AOSpain\Graficos\1366.bmp
f1284=C:\AOSpain\Graficos\1367.bmp
f1285=C:\AOSpain\Graficos\1368.bmp
f1286=C:\AOSpain\Graficos\1369.bmp
f1287=C:\AOSpain\Graficos\1370.bmp
f1288=C:\AOSpain\Graficos\1371.bmp
f1289=C:\AOSpain\Graficos\1372.bmp
f1290=C:\AOSpain\Graficos\1373.bmp
f1291=C:\AOSpain\Graficos\1374.bmp
f1292=C:\AOSpain\Graficos\1375.bmp
f1293=C:\AOSpain\Graficos\1376.bmp
f1294=C:\AOSpain\Graficos\1377.bmp
f1295=C:\AOSpain\Graficos\1378.bmp
f1296=C:\AOSpain\Graficos\1379.bmp
f1297=C:\AOSpain\Graficos\1380.bmp
f1298=C:\AOSpain\Graficos\1381.bmp
f1299=C:\AOSpain\Graficos\1382.bmp
f1300=C:\AOSpain\Graficos\1383.bmp
f1301=C:\AOSpain\Graficos\1384.bmp
f1302=C:\AOSpain\Graficos\1385.bmp
f1303=C:\AOSpain\Graficos\1386.bmp
f1304=C:\AOSpain\Graficos\1387.bmp
f1305=C:\AOSpain\Graficos\1388.bmp
f1306=C:\AOSpain\Graficos\1389.bmp
f1307=C:\AOSpain\Graficos\1390.bmp
f1308=C:\AOSpain\Graficos\1391.bmp
f1309=C:\AOSpain\Graficos\1392.bmp
f1310=C:\AOSpain\Graficos\1393.bmp
f1311=C:\AOSpain\Graficos\1394.bmp
f1312=C:\AOSpain\Graficos\1395.bmp
f1313=C:\AOSpain\Graficos\1396.bmp
f1314=C:\AOSpain\Graficos\1397.bmp
f1315=C:\AOSpain\Graficos\1398.bmp
f1316=C:\AOSpain\Graficos\1399.bmp
f1317=C:\AOSpain\Graficos\1465.bmp
f1318=C:\AOSpain\Graficos\1466.bmp
f1319=C:\AOSpain\Graficos\1467.bmp
f1320=C:\AOSpain\Graficos\1468.bmp
f1321=C:\AOSpain\Graficos\1469.bmp
f1322=C:\AOSpain\Graficos\1470.bmp
f1323=C:\AOSpain\Graficos\1471.bmp
f1324=C:\AOSpain\Graficos\1472.bmp
f1325=C:\AOSpain\Graficos\1473.bmp
f1326=C:\AOSpain\Graficos\1474.bmp
f1327=C:\AOSpain\Graficos\1475.bmp
f1328=C:\AOSpain\Graficos\1476.bmp
f1329=C:\AOSpain\Graficos\1477.bmp
f1330=C:\AOSpain\Graficos\1478.BMP
f1331=C:\AOSpain\Graficos\1479.BMP
f1332=C:\AOSpain\Graficos\1480.BMP
f1333=C:\AOSpain\Graficos\1481.BMP
f1334=C:\AOSpain\Graficos\1482.bmp
f1335=C:\AOSpain\Graficos\1483.jpg
f1336=C:\AOSpain\Graficos\1484.bmp
f1337=C:\AOSpain\Graficos\1485.bmp
f1338=C:\AOSpain\Graficos\1486.bmp
f1339=C:\AOSpain\Graficos\1487.bmp
f1340=C:\AOSpain\Graficos\1488.bmp
f1341=C:\AOSpain\Graficos\1489.bmp
f1342=C:\AOSpain\Graficos\1490.bmp
f1343=C:\AOSpain\Graficos\1491.bmp
f1344=C:\AOSpain\Graficos\1492.bmp
f1345=C:\AOSpain\Graficos\1493.bmp
f1346=C:\AOSpain\Graficos\1494.bmp
f1347=C:\AOSpain\Graficos\1495.bmp
f1348=C:\AOSpain\Graficos\1496.bmp
f1349=C:\AOSpain\Graficos\1497.bmp
f1350=C:\AOSpain\Graficos\1498.bmp
f1351=C:\AOSpain\Graficos\1499.bmp
f1352=C:\AOSpain\Graficos\Cargando.jpg
f1353=C:\AOSpain\Init\Tips.ayu
f1354=C:\AOSpain\Init\Ver.bin
f1355=C:\AOSpain\Init\default.bnd
f1356=C:\AOSpain\Init\AO.DAT
f1357=C:\AOSpain\Init\Armas.dat
f1358=C:\AOSpain\Init\Escudos.dat
f1359=C:\AOSpain\Init\Cabezas.ind
f1360=C:\AOSpain\Init\Cascos.ind
f1361=C:\AOSpain\Init\FK.IND
f1362=C:\AOSpain\Init\Fxsz.ind
f1363=C:\AOSpain\Init\Graficos.ind
f1364=C:\AOSpain\Init\OldGraficos.ind
f1365=C:\AOSpain\Init\Personajes.ind
f1366=C:\AOSpain\Init\Inicio.con
f1367=C:\AOSpain\Init\Fxs.ind
f1368=C:\AOSpain\Mapas\Mapa1.map
f1369=C:\AOSpain\Mapas\Mapa10.map
f1370=C:\AOSpain\Mapas\Mapa100.map
f1371=C:\AOSpain\Mapas\Mapa101.map
f1372=C:\AOSpain\Mapas\Mapa102.map
f1373=C:\AOSpain\Mapas\Mapa103.map
f1374=C:\AOSpain\Mapas\Mapa104.map
f1375=C:\AOSpain\Mapas\Mapa105.map
f1376=C:\AOSpain\Mapas\Mapa106.map
f1377=C:\AOSpain\Mapas\Mapa107.map
f1378=C:\AOSpain\Mapas\Mapa108.map
f1379=C:\AOSpain\Mapas\Mapa109.map
f1380=C:\AOSpain\Mapas\Mapa11.map
f1381=C:\AOSpain\Mapas\Mapa110.map
f1382=C:\AOSpain\Mapas\Mapa111.map
f1383=C:\AOSpain\Mapas\Mapa112.map
f1384=C:\AOSpain\Mapas\Mapa113.map
f1385=C:\AOSpain\Mapas\Mapa114.map
f1386=C:\AOSpain\Mapas\Mapa115.map
f1387=C:\AOSpain\Mapas\Mapa116.map
f1388=C:\AOSpain\Mapas\Mapa117.map
f1389=C:\AOSpain\Mapas\Mapa118.map
f1390=C:\AOSpain\Mapas\Mapa119.map
f1391=C:\AOSpain\Mapas\Mapa12.map
f1392=C:\AOSpain\Mapas\Mapa120.map
f1393=C:\AOSpain\Mapas\Mapa121.map
f1394=C:\AOSpain\Mapas\Mapa122.map
f1395=C:\AOSpain\Mapas\Mapa123.map
f1396=C:\AOSpain\Mapas\Mapa124.map
f1397=C:\AOSpain\Mapas\Mapa125.map
f1398=C:\AOSpain\Mapas\Mapa126.map
f1399=C:\AOSpain\Mapas\Mapa127.map
f1400=C:\AOSpain\Mapas\Mapa128.map
f1401=C:\AOSpain\Mapas\Mapa129.map
f1402=C:\AOSpain\Mapas\Mapa13.map
f1403=C:\AOSpain\Mapas\Mapa130.map
f1404=C:\AOSpain\Mapas\Mapa131.map
f1405=C:\AOSpain\Mapas\Mapa132.map
f1406=C:\AOSpain\Mapas\Mapa133.map
f1407=C:\AOSpain\Mapas\Mapa134.map
f1408=C:\AOSpain\Mapas\Mapa135.map
f1409=C:\AOSpain\Mapas\Mapa136.map
f1410=C:\AOSpain\Mapas\Mapa137.map
f1411=C:\AOSpain\Mapas\Mapa138.map
f1412=C:\AOSpain\Mapas\Mapa139.map
f1413=C:\AOSpain\Mapas\Mapa14.map
f1414=C:\AOSpain\Mapas\Mapa140.map
f1415=C:\AOSpain\Mapas\Mapa141.map
f1416=C:\AOSpain\Mapas\Mapa142.map
f1417=C:\AOSpain\Mapas\Mapa143.map
f1418=C:\AOSpain\Mapas\Mapa144.map
f1419=C:\AOSpain\Mapas\Mapa145.map
f1420=C:\AOSpain\Mapas\Mapa146.map
f1421=C:\AOSpain\Mapas\Mapa147.map
f1422=C:\AOSpain\Mapas\Mapa148.map
f1423=C:\AOSpain\Mapas\Mapa149.map
f1424=C:\AOSpain\Mapas\Mapa15.map
f1425=C:\AOSpain\Mapas\Mapa150.map
f1426=C:\AOSpain\Mapas\Mapa151.map
f1427=C:\AOSpain\Mapas\Mapa152.map
f1428=C:\AOSpain\Mapas\Mapa153.map
f1429=C:\AOSpain\Mapas\Mapa154.map
f1430=C:\AOSpain\Mapas\Mapa155.map
f1431=C:\AOSpain\Mapas\mapa158.map
f1432=C:\AOSpain\Mapas\Mapa159.map
f1433=C:\AOSpain\Mapas\Mapa16.map
f1434=C:\AOSpain\Mapas\mapa160.map
f1435=C:\AOSpain\Mapas\Mapa17.map
f1436=C:\AOSpain\Mapas\Mapa18.map
f1437=C:\AOSpain\Mapas\Mapa19.map
f1438=C:\AOSpain\Mapas\Mapa2.map
f1439=C:\AOSpain\Mapas\Mapa20.map
f1440=C:\AOSpain\Mapas\Mapa21.map
f1441=C:\AOSpain\Mapas\Mapa22.map
f1442=C:\AOSpain\Mapas\Mapa23.map
f1443=C:\AOSpain\Mapas\Mapa24.map
f1444=C:\AOSpain\Mapas\Mapa25.map
f1445=C:\AOSpain\Mapas\mapa250.map
f1446=C:\AOSpain\Mapas\Mapa26.map
f1447=C:\AOSpain\Mapas\Mapa27.map
f1448=C:\AOSpain\Mapas\Mapa28.map
f1449=C:\AOSpain\Mapas\Mapa29.map
f1450=C:\AOSpain\Mapas\Mapa3.map
f1451=C:\AOSpain\Mapas\Mapa30.map
f1452=C:\AOSpain\Mapas\Mapa31.map
f1453=C:\AOSpain\Mapas\Mapa32.map
f1454=C:\AOSpain\Mapas\Mapa33.map
f1455=C:\AOSpain\Mapas\Mapa34.map
f1456=C:\AOSpain\Mapas\Mapa35.map
f1457=C:\AOSpain\Mapas\Mapa36.map
f1458=C:\AOSpain\Mapas\Mapa37.map
f1459=C:\AOSpain\Mapas\Mapa38.map
f1460=C:\AOSpain\Mapas\Mapa39.map
f1461=C:\AOSpain\Mapas\Mapa4.map
f1462=C:\AOSpain\Mapas\Mapa40.map
f1463=C:\AOSpain\Mapas\Mapa41.map
f1464=C:\AOSpain\Mapas\Mapa42.map
f1465=C:\AOSpain\Mapas\Mapa43.map
f1466=C:\AOSpain\Mapas\Mapa44.map
f1467=C:\AOSpain\Mapas\Mapa45.map
f1468=C:\AOSpain\Mapas\Mapa46.map
f1469=C:\AOSpain\Mapas\Mapa47.map
f1470=C:\AOSpain\Mapas\Mapa48.map
f1471=C:\AOSpain\Mapas\Mapa49.map
f1472=C:\AOSpain\Mapas\Mapa5.map
f1473=C:\AOSpain\Mapas\Mapa50.map
f1474=C:\AOSpain\Mapas\Mapa51.map
f1475=C:\AOSpain\Mapas\Mapa52.map
f1476=C:\AOSpain\Mapas\Mapa53.map
f1477=C:\AOSpain\Mapas\Mapa54.map
f1478=C:\AOSpain\Mapas\Mapa55.map
f1479=C:\AOSpain\Mapas\Mapa56.map
f1480=C:\AOSpain\Mapas\Mapa57.map
f1481=C:\AOSpain\Mapas\Mapa58.map
f1482=C:\AOSpain\Mapas\Mapa59.map
f1483=C:\AOSpain\Mapas\Mapa6.map
f1484=C:\AOSpain\Mapas\Mapa60.map
f1485=C:\AOSpain\Mapas\Mapa61.map
f1486=C:\AOSpain\Mapas\Mapa62.map
f1487=C:\AOSpain\Mapas\Mapa63.map
f1488=C:\AOSpain\Mapas\Mapa64.map
f1489=C:\AOSpain\Mapas\Mapa65.map
f1490=C:\AOSpain\Mapas\Mapa66.map
f1491=C:\AOSpain\Mapas\Mapa67.map
f1492=C:\AOSpain\Mapas\Mapa68.map
f1493=C:\AOSpain\Mapas\Mapa69.map
f1494=C:\AOSpain\Mapas\Mapa7.map
f1495=C:\AOSpain\Mapas\Mapa70.map
f1496=C:\AOSpain\Mapas\Mapa71.map
f1497=C:\AOSpain\Mapas\Mapa72.map
f1498=C:\AOSpain\Mapas\Mapa73.map
f1499=C:\AOSpain\Mapas\Mapa74.map
f1500=C:\AOSpain\Mapas\Mapa75.map
f1501=C:\AOSpain\Mapas\Mapa76.map
f1502=C:\AOSpain\Mapas\Mapa77.map
f1503=C:\AOSpain\Mapas\Mapa78.map
f1504=C:\AOSpain\Mapas\Mapa79.map
f1505=C:\AOSpain\Mapas\Mapa8.map
f1506=C:\AOSpain\Mapas\Mapa80.map
f1507=C:\AOSpain\Mapas\Mapa81.map
f1508=C:\AOSpain\Mapas\Mapa82.map
f1509=C:\AOSpain\Mapas\Mapa83.map
f1510=C:\AOSpain\Mapas\Mapa84.map
f1511=C:\AOSpain\Mapas\Mapa85.map
f1512=C:\AOSpain\Mapas\Mapa86.map
f1513=C:\AOSpain\Mapas\Mapa87.map
f1514=C:\AOSpain\Mapas\Mapa88.map
f1515=C:\AOSpain\Mapas\Mapa89.map
f1516=C:\AOSpain\Mapas\Mapa9.map
f1517=C:\AOSpain\Mapas\Mapa90.map
f1518=C:\AOSpain\Mapas\Mapa91.map
f1519=C:\AOSpain\Mapas\Mapa92.map
f1520=C:\AOSpain\Mapas\Mapa93.map
f1521=C:\AOSpain\Mapas\Mapa94.map
f1522=C:\AOSpain\Mapas\Mapa95.map
f1523=C:\AOSpain\Mapas\Mapa96.map
f1524=C:\AOSpain\Mapas\Mapa97.map
f1525=C:\AOSpain\Mapas\Mapa98.map
f1526=C:\AOSpain\Mapas\Mapa99.map
f1527=C:\AOSpain\Mapas\Nueva Esperanza.map
f1528=C:\AOSpain\Mapas\Mapa157.map
f1529=C:\AOSpain\Mapas\mapa161.map
f1530=C:\AOSpain\Mapas\mapa162.map
f1531=C:\AOSpain\Mapas\mapa163.map
f1532=C:\AOSpain\Mapas\mapa164.map
f1533=C:\AOSpain\Mapas\mapa165.map
f1534=C:\AOSpain\Mapas\mapa333.map
f1535=C:\AOSpain\Mapas\Mapa331.map
f1536=C:\AOSpain\Mapas\mapa324.map
f1537=C:\AOSpain\Mapas\Mapa322.map
f1538=C:\AOSpain\Mapas\mapa320.map
f1539=C:\AOSpain\Mapas\mapa314.map
f1540=C:\AOSpain\Mapas\Mapa312.map
f1541=C:\AOSpain\Mapas\mapa310.map
f1542=C:\AOSpain\Mapas\Mapa302.map
f1543=C:\AOSpain\Mapas\mapa300.map
f1544=C:\AOSpain\Mapas\mapa295.map
f1545=C:\AOSpain\Mapas\Mapa293.map
f1546=C:\AOSpain\Mapas\mapa291.map
f1547=C:\AOSpain\Mapas\mapa286.map
f1548=C:\AOSpain\Mapas\Mapa284.map
f1549=C:\AOSpain\Mapas\mapa282.map
f1550=C:\AOSpain\Mapas\mapa278.map
f1551=C:\AOSpain\Mapas\Mapa276.map
f1552=C:\AOSpain\Mapas\mapa274.map
f1553=C:\AOSpain\Mapas\mapa273.map
f1554=C:\AOSpain\Mapas\mapa271.map
f1555=C:\AOSpain\Mapas\Mapa269.map
f1556=C:\AOSpain\Mapas\mapa267.map
f1557=C:\AOSpain\Mapas\mapa266.map
f1558=C:\AOSpain\Mapas\mapa264.map
f1559=C:\AOSpain\Mapas\Mapa262.map
f1560=C:\AOSpain\Mapas\mapa260.map
f1561=C:\AOSpain\Mapas\mapa259.map
f1562=C:\AOSpain\Mapas\Mapa255.map
f1563=C:\AOSpain\Mapas\mapa253.map
f1564=C:\AOSpain\Mapas\mapa252.map
f1565=C:\AOSpain\Mapas\mapa251.map
f1566=C:\AOSpain\Mapas\Mapa248.map
f1567=C:\AOSpain\Mapas\mapa246.map
f1568=C:\AOSpain\Mapas\mapa245.map
f1569=C:\AOSpain\Mapas\mapa244.map
f1570=C:\AOSpain\Mapas\mapa240.map
f1571=C:\AOSpain\Mapas\mapa239.map
f1572=C:\AOSpain\Mapas\mapa238.map
f1573=C:\AOSpain\Mapas\mapa237.map
f1574=C:\AOSpain\Mapas\mapa236.map
f1575=C:\AOSpain\Mapas\mapa235.map
f1576=C:\AOSpain\Mapas\mapa234.map
f1577=C:\AOSpain\Mapas\mapa233.map
f1578=C:\AOSpain\Mapas\mapa232.map
f1579=C:\AOSpain\Mapas\mapa231.map
f1580=C:\AOSpain\Mapas\mapa230.map
f1581=C:\AOSpain\Mapas\mapa229.map
f1582=C:\AOSpain\Mapas\mapa227.map
f1583=C:\AOSpain\Mapas\mapa226.map
f1584=C:\AOSpain\Mapas\mapa225.map
f1585=C:\AOSpain\Mapas\mapa224.map
f1586=C:\AOSpain\Mapas\mapa223.map
f1587=C:\AOSpain\Mapas\mapa222.map
f1588=C:\AOSpain\Mapas\mapa208.map
f1589=C:\AOSpain\Mapas\mapa207.map
f1590=C:\AOSpain\Mapas\mapa206.map
f1591=C:\AOSpain\Mapas\mapa205.map
f1592=C:\AOSpain\Mapas\mapa204.map
f1593=C:\AOSpain\Mapas\mapa203.map
f1594=C:\AOSpain\Mapas\mapa202.map
f1595=C:\AOSpain\Mapas\mapa201.map
f1596=C:\AOSpain\Mapas\mapa200.map
f1597=C:\AOSpain\Mapas\Mapa166.map
f1598=C:\AOSpain\Mapas\Mapa167.map
f1599=C:\AOSpain\Mapas\Mapa168.map
f1600=C:\AOSpain\Mapas\Mapa169.map
f1601=C:\AOSpain\Mapas\Mapa170.map
f1602=C:\AOSpain\Mapas\Mapa171.map
f1603=C:\AOSpain\Mapas\Mapa172.map
f1604=C:\AOSpain\Mapas\Mapa173.map
f1605=C:\AOSpain\Mapas\Mapa174.map
f1606=C:\AOSpain\Mapas\Mapa175.map
f1607=C:\AOSpain\Mapas\Mapa176.map
f1608=C:\AOSpain\Mapas\Mapa177.map
f1609=C:\AOSpain\Mapas\Mapa178.map
f1610=C:\AOSpain\Mapas\Mapa179.map
f1611=C:\AOSpain\Mapas\Mapa180.map
f1612=C:\AOSpain\Mapas\Mapa181.map
f1613=C:\AOSpain\Mapas\Mapa182.map
f1614=C:\AOSpain\Mapas\Mapa183.map
f1615=C:\AOSpain\Mapas\Mapa184.map
f1616=C:\AOSpain\Mapas\Mapa185.map
f1617=C:\AOSpain\Mapas\Mapa186.map
f1618=C:\AOSpain\Mapas\Mapa187.map
f1619=C:\AOSpain\Mapas\Mapa188.map
f1620=C:\AOSpain\Mapas\Mapa189.map
f1621=C:\AOSpain\Mapas\Mapa190.map
f1622=C:\AOSpain\Mapas\Mapa191.map
f1623=C:\AOSpain\Mapas\Mapa192.map
f1624=C:\AOSpain\Mapas\Mapa193.map
f1625=C:\AOSpain\Mapas\Mapa194.map
f1626=C:\AOSpain\Mapas\Mapa195.map
f1627=C:\AOSpain\Mapas\Mapa196.map
f1628=C:\AOSpain\Mapas\Mapa197.map
f1629=C:\AOSpain\Mapas\Mapa198.map
f1630=C:\AOSpain\Mapas\Mapa199.map
f1631=C:\AOSpain\Mapas\Mapa216.map
f1632=C:\AOSpain\Mapas\Mapa217.map
f1633=C:\AOSpain\Mapas\Mapa228.map
f1634=C:\AOSpain\Mapas\Mapa241.map
f1635=C:\AOSpain\Mapas\Mapa242.map
f1636=C:\AOSpain\Mapas\Mapa243.map
f1637=C:\AOSpain\Mapas\Mapa247.map
f1638=C:\AOSpain\Mapas\Mapa249.map
f1639=C:\AOSpain\Mapas\Mapa254.map
f1640=C:\AOSpain\Mapas\Mapa256.map
f1641=C:\AOSpain\Mapas\Mapa257.map
f1642=C:\AOSpain\Mapas\Mapa258.map
f1643=C:\AOSpain\Mapas\Mapa261.map
f1644=C:\AOSpain\Mapas\Mapa263.map
f1645=C:\AOSpain\Mapas\Mapa265.map
f1646=C:\AOSpain\Mapas\Mapa268.map
f1647=C:\AOSpain\Mapas\Mapa270.map
f1648=C:\AOSpain\Mapas\Mapa272.map
f1649=C:\AOSpain\Mapas\Mapa275.map
f1650=C:\AOSpain\Mapas\Mapa277.map
f1651=C:\AOSpain\Mapas\Mapa279.map
f1652=C:\AOSpain\Mapas\Mapa280.map
f1653=C:\AOSpain\Mapas\Mapa281.map
f1654=C:\AOSpain\Mapas\Mapa283.map
f1655=C:\AOSpain\Mapas\Mapa285.map
f1656=C:\AOSpain\Mapas\Mapa287.map
f1657=C:\AOSpain\Mapas\Mapa288.map
f1658=C:\AOSpain\Mapas\Mapa289.map
f1659=C:\AOSpain\Mapas\Mapa290.map
f1660=C:\AOSpain\Mapas\Mapa292.map
f1661=C:\AOSpain\Mapas\Mapa294.map
f1662=C:\AOSpain\Mapas\Mapa296.map
f1663=C:\AOSpain\Mapas\Mapa297.map
f1664=C:\AOSpain\Mapas\Mapa298.map
f1665=C:\AOSpain\Mapas\Mapa299.map
f1666=C:\AOSpain\Mapas\Mapa301.map
f1667=C:\AOSpain\Mapas\Mapa303.map
f1668=C:\AOSpain\Mapas\Mapa304.map
f1669=C:\AOSpain\Mapas\Mapa305.map
f1670=C:\AOSpain\Mapas\Mapa306.map
f1671=C:\AOSpain\Mapas\Mapa307.map
f1672=C:\AOSpain\Mapas\Mapa308.map
f1673=C:\AOSpain\Mapas\Mapa309.map
f1674=C:\AOSpain\Mapas\Mapa311.map
f1675=C:\AOSpain\Mapas\Mapa313.map
f1676=C:\AOSpain\Mapas\Mapa315.map
f1677=C:\AOSpain\Mapas\Mapa316.map
f1678=C:\AOSpain\Mapas\Mapa317.map
f1679=C:\AOSpain\Mapas\Mapa318.map
f1680=C:\AOSpain\Mapas\Mapa319.map
f1681=C:\AOSpain\Mapas\Mapa321.map
f1682=C:\AOSpain\Mapas\Mapa323.map
f1683=C:\AOSpain\Mapas\Mapa325.map
f1684=C:\AOSpain\Mapas\Mapa326.map
f1685=C:\AOSpain\Mapas\Mapa327.map
f1686=C:\AOSpain\Mapas\Mapa328.map
f1687=C:\AOSpain\Mapas\Mapa329.map
f1688=C:\AOSpain\Mapas\Mapa330.map
f1689=C:\AOSpain\Mapas\Mapa332.map
f1690=C:\AOSpain\Mapas\Mapa334.map
f1691=C:\AOSpain\Mapas\Mapa335.map
f1692=C:\AOSpain\Mapas\Mapa338.map
f1693=C:\AOSpain\Mapas\Mapa339.map
f1694=C:\AOSpain\Mapas\Mapa340.map
f1695=C:\AOSpain\Mapas\Mapa341.map
f1696=C:\AOSpain\Mapas\Mapa342.map
f1697=C:\AOSpain\Mapas\Mapa343.map
f1698=C:\AOSpain\Mapas\Mapa344.map
f1699=C:\AOSpain\Mapas\Mapa345.map
f1700=C:\AOSpain\Mapas\Mapa346.map
f1701=C:\AOSpain\Mapas\Mapa347.map
f1702=C:\AOSpain\Mapas\Mapa348.map
f1703=C:\AOSpain\Mapas\Mapa349.map
f1704=C:\AOSpain\Mapas\Mapa360.map
f1705=C:\AOSpain\Mapas\Mapa361.map
f1706=C:\AOSpain\Mapas\Mapa362.map
f1707=C:\AOSpain\Mapas\Mapa363.map
f1708=C:\AOSpain\Mapas\Mapa364.map
f1709=C:\AOSpain\Mapas\Mapa365.map
f1710=C:\AOSpain\Mapas\Mapa366.map
f1711=C:\AOSpain\Mapas\Mapa367.map
f1712=C:\AOSpain\Mapas\Mapa368.map
f1713=C:\AOSpain\Mapas\Mapa369.map
f1714=C:\AOSpain\Mapas\Mapa370.map
f1715=C:\AOSpain\Mapas\Mapa371.map
f1716=C:\AOSpain\Mapas\Mapa372.map
f1717=C:\AOSpain\Mapas\Mapa373.map
f1718=C:\AOSpain\Mapas\Mapa374.map
f1719=C:\AOSpain\Mapas\Mapa375.map
f1720=C:\AOSpain\Mapas\Mapa376.map
f1721=C:\AOSpain\Mapas\Mapa377.map
f1722=C:\AOSpain\Mapas\Mapa378.map
f1723=C:\AOSpain\Mapas\Mapa379.map
f1724=C:\AOSpain\Mapas\Mapa380.map
f1725=C:\AOSpain\Mapas\Mapa381.map
f1726=C:\AOSpain\Mapas\Mapa382.map
f1727=C:\AOSpain\Mapas\Mapa383.map
f1728=C:\AOSpain\Mapas\Mapa384.map
f1729=C:\AOSpain\Mapas\Mapa385.map
f1730=C:\AOSpain\Mapas\Mapa386.map
f1731=C:\AOSpain\Mapas\Mapa387.map
f1732=C:\AOSpain\Mapas\Mapa388.map
f1733=C:\AOSpain\Mapas\Mapa389.map
f1734=C:\AOSpain\Mapas\Mapa390.map
f1735=C:\AOSpain\Mapas\Mapa391.map
f1736=C:\AOSpain\Mapas\Mapa392.map
f1737=C:\AOSpain\Mapas\Mapa393.map
f1738=C:\AOSpain\Mapas\Mapa394.map
f1739=C:\AOSpain\Mapas\Mapa395.map
f1740=C:\AOSpain\Mapas\Mapa396.map
f1741=C:\AOSpain\Mapas\Mapa397.map
f1742=C:\AOSpain\Mapas\Mapa398.map
f1743=C:\AOSpain\Mapas\Mapa399.map
f1744=C:\AOSpain\Mapas\Mapa400.map
f1745=C:\AOSpain\Mapas\arghal.map
f1746=C:\AOSpain\Mapas\mapa337.map
f1747=C:\AOSpain\Mapas\mapa336.map
f1748=C:\AOSpain\Mapas\Mapa209.map
f1749=C:\AOSpain\Mapas\Mapa210.map
f1750=C:\AOSpain\Mapas\Mapa211.map
f1751=C:\AOSpain\Mapas\Mapa212.map
f1752=C:\AOSpain\Mapas\Mapa213.map
f1753=C:\AOSpain\Mapas\Mapa214.map
f1754=C:\AOSpain\Mapas\Mapa215.map
f1755=C:\AOSpain\Mapas\Mapa218.map
f1756=C:\AOSpain\Mapas\Mapa219.map
f1757=C:\AOSpain\Mapas\Mapa220.map
f1758=C:\AOSpain\Mapas\Mapa221.map
f1759=C:\AOSpain\Mapas\Mapa350.map
f1760=C:\AOSpain\Mapas\Mapa351.map
f1761=C:\AOSpain\Mapas\Mapa352.map
f1762=C:\AOSpain\Mapas\Mapa353.map
f1763=C:\AOSpain\Mapas\Mapa354.map
f1764=C:\AOSpain\Mapas\Mapa355.map
f1765=C:\AOSpain\Mapas\Mapa356.map
f1766=C:\AOSpain\Mapas\Mapa357.map
f1767=C:\AOSpain\Mapas\Mapa358.map
f1768=C:\AOSpain\Mapas\Mapa359.map
f1769=C:\AOSpain\Mapas\mapa156.map
f1770=C:\AOSpain\Mapas\mapa175z.map
f1771=C:\AOSpain\Midi\1.MID
f1772=C:\AOSpain\Midi\10.MID
f1773=C:\AOSpain\Midi\11.MID
f1774=C:\AOSpain\Midi\12.MID
f1775=C:\AOSpain\Midi\13.MID
f1776=C:\AOSpain\Midi\14.MID
f1777=C:\AOSpain\Midi\15.MID
f1778=C:\AOSpain\Midi\16.MID
f1779=C:\AOSpain\Midi\17.mid
f1780=C:\AOSpain\Midi\18.mid
f1781=C:\AOSpain\Midi\19.mid
f1782=C:\AOSpain\Midi\2.MID
f1783=C:\AOSpain\Midi\20.mid
f1784=C:\AOSpain\Midi\21.mid
f1785=C:\AOSpain\Midi\3.MID
f1786=C:\AOSpain\Midi\4.MID
f1787=C:\AOSpain\Midi\5.MID
f1788=C:\AOSpain\Midi\6.MID
f1789=C:\AOSpain\Midi\7.MID
f1790=C:\AOSpain\Midi\8.MID
f1791=C:\AOSpain\Midi\9.MID
f1792=C:\AOSpain\Midi\Ref.txt
f1793=C:\AOSpain\Midi\22.mid
f1794=C:\AOSpain\Midi\23.mid
f1795=C:\AOSpain\Midi\24.mid
f1796=C:\AOSpain\Midi\25.mid
f1797=C:\AOSpain\Midi\26.mid
f1798=C:\AOSpain\Midi\Referencia.txt
f1799=C:\AOSpain\Midi\28.mid
f1800=C:\AOSpain\Midi\27.mid
f1801=C:\AOSpain\Wav\10.WAV
f1802=C:\AOSpain\Wav\11.WAV
f1803=C:\AOSpain\Wav\12.WAV
f1804=C:\AOSpain\Wav\13.WAV
f1805=C:\AOSpain\Wav\14.WAV
f1806=C:\AOSpain\Wav\15.WAV
f1807=C:\AOSpain\Wav\16.WAV
f1808=C:\AOSpain\Wav\17.WAV
f1809=C:\AOSpain\Wav\18.WAV
f1810=C:\AOSpain\Wav\19.WAV
f1811=C:\AOSpain\Wav\2.WAV
f1812=C:\AOSpain\Wav\20.WAV
f1813=C:\AOSpain\Wav\21.WAV
f1814=C:\AOSpain\Wav\22.WAV
f1815=C:\AOSpain\Wav\23.WAV
f1816=C:\AOSpain\Wav\24.WAV
f1817=C:\AOSpain\Wav\25.WAV
f1818=C:\AOSpain\Wav\26.WAV
f1819=C:\AOSpain\Wav\27.WAV
f1820=C:\AOSpain\Wav\28.WAV
f1821=C:\AOSpain\Wav\29.WAV
f1822=C:\AOSpain\Wav\3.WAV
f1823=C:\AOSpain\Wav\30.WAV
f1824=C:\AOSpain\Wav\31.WAV
f1825=C:\AOSpain\Wav\32.WAV
f1826=C:\AOSpain\Wav\33.WAV
f1827=C:\AOSpain\Wav\34.WAV
f1828=C:\AOSpain\Wav\35.WAV
f1829=C:\AOSpain\Wav\37.WAV
f1830=C:\AOSpain\Wav\38.WAV
f1831=C:\AOSpain\Wav\39.WAV
f1832=C:\AOSpain\Wav\4.WAV
f1833=C:\AOSpain\Wav\40.WAV
f1834=C:\AOSpain\Wav\41.wav
f1835=C:\AOSpain\Wav\42.wav
f1836=C:\AOSpain\Wav\43.wav
f1837=C:\AOSpain\Wav\44.wav
f1838=C:\AOSpain\Wav\45.wav
f1839=C:\AOSpain\Wav\46.wav
f1840=C:\AOSpain\Wav\47.wav
f1841=C:\AOSpain\Wav\48.wav
f1842=C:\AOSpain\Wav\49.wav
f1843=C:\AOSpain\Wav\5.WAV
f1844=C:\AOSpain\Wav\50.wav
f1845=C:\AOSpain\Wav\51.wav
f1846=C:\AOSpain\Wav\6.WAV
f1847=C:\AOSpain\Wav\7.WAV
f1848=C:\AOSpain\Wav\8.WAV
f1849=C:\AOSpain\Wav\9.WAV
f1850=C:\AOSpain\Wav\CLICK2.WAV
f1851=C:\AOSpain\Wav\CLICK.WAV
f1852=C:\AOSpain\Wav\CUPDICE.WAV
f1853=C:\AOSpain\Wav\Fuego.wav
f1854=C:\AOSpain\Wav\lluviaoutend.wav
f1855=C:\AOSpain\Wav\lluviaoutst.wav
f1856=C:\AOSpain\Wav\lluviaout.wav
f1857=C:\AOSpain\Wav\lluviainst.wav
f1858=C:\AOSpain\Wav\lluviainend.wav
f1859=C:\AOSpain\Wav\LLUVIAIN.WAV

[Option_4]
total=2
f1=C:\AOSpain\AOv1.2Dinamico.exe
f2=C:\AOSpain\AOv1.2Normal.exe

[sysreg]
remove=1
total=0

