12/08/2007 17:53:55 Se conecto con ip:127.0.0.1
12/08/2007 17:54:11 Transporto a scorpio hacia Mapa2 X:50 Y:50
12/08/2007 17:56:06 Transporto a scorpio hacia Mapa244 X:50 Y:50
12/08/2007 17:56:15 Transporto a scorpio hacia Mapa243 X:50 Y:50
12/08/2007 17:56:24 Transporto a scorpio hacia Mapa200 X:50 Y:50
12/08/2007 17:57:13 /mod scorpio exp 999999
12/08/2007 17:57:15 /mod scorpio exp 999999
12/08/2007 17:57:18 /mod scorpio exp 999999
12/08/2007 17:57:21 /mod scorpio exp 999999
12/08/2007 17:57:23 /mod scorpio exp 999999
12/08/2007 17:57:25 /mod scorpio exp 999999
12/08/2007 17:57:28 /mod scorpio exp 999999
12/08/2007 17:57:30 /mod scorpio exp 999999
12/08/2007 17:57:33 /mod scorpio exp 999999
12/08/2007 17:57:35 /mod scorpio exp 999999
12/08/2007 17:57:37 /mod scorpio exp 999999
12/08/2007 17:57:39 /mod scorpio exp 999999
12/08/2007 17:57:43 /mod scorpio exp 999999
12/08/2007 17:57:44 /mod scorpio exp 999999
12/08/2007 17:57:46 /mod scorpio exp 999999
12/08/2007 17:57:48 /mod scorpio exp 999999
12/08/2007 17:57:50 /mod scorpio exp 999999
12/08/2007 17:57:52 /mod scorpio exp 999999
12/08/2007 17:57:54 /mod scorpio exp 999999
12/08/2007 17:57:55 /mod scorpio exp 999999
12/08/2007 17:57:58 /mod scorpio exp 999999
12/08/2007 17:58:00 /mod scorpio exp 999999
12/08/2007 17:58:02 /mod scorpio exp 999999
12/08/2007 17:58:05 /mod scorpio exp 999999
12/08/2007 17:58:07 /mod scorpio exp 999999
12/08/2007 17:58:41 Transporto a scorpio hacia Mapa84 X:50 Y:50
12/08/2007 18:00:06 Transporto a scorpio hacia Mapa50 X:50 Y:50
12/08/2007 18:00:12 /TELEPLOC a x:44 Y:49 Map:50
12/08/2007 18:00:25 Transporto a scorpio hacia Mapa24 X:50 Y:50
12/08/2007 18:00:42 Transporto a scorpio hacia Mapa151 X:50 Y:50
12/08/2007 18:00:48 /TELEPLOC a x:49 Y:65 Map:151
12/08/2007 18:03:33 /MATA NPC SIN INICIAR
12/08/2007 18:11:53 Se conecto con ip:127.0.0.1
12/08/2007 18:14:51 /TELEPLOC a x:21 Y:20 Map:164
12/08/2007 18:14:54 /TELEPLOC a x:26 Y:16 Map:164
12/08/2007 18:15:05 /INVISIBLE
12/08/2007 18:15:13 /TELEPLOC a x:34 Y:18 Map:164
12/08/2007 18:15:20 /TELEPLOC a x:40 Y:22 Map:164
12/08/2007 18:15:23 /TELEPLOC a x:46 Y:25 Map:164
12/08/2007 18:15:27 /TELEPLOC a x:52 Y:27 Map:164
12/08/2007 18:15:32 /TELEPLOC a x:58 Y:33 Map:164
12/08/2007 18:15:41 /TELEPLOC a x:64 Y:39 Map:164
12/08/2007 18:15:44 /TELEPLOC a x:66 Y:44 Map:164
12/08/2007 18:15:49 /TELEPLOC a x:71 Y:47 Map:164
12/08/2007 18:15:54 /TELEPLOC a x:76 Y:52 Map:164
12/08/2007 18:15:58 /TELEPLOC a x:83 Y:57 Map:164
12/08/2007 18:16:03 /TELEPLOC a x:86 Y:62 Map:164
